======================================== 
 RME Windows Build Script (RelWithDebInfo) 
 Started: czw. 22.01.2026 13:48:57,75 
======================================== 
[1/3] Configuring CMake... 
-- Running vcpkg install
Detecting compiler hash for triplet x64-windows...
Compiler found: C:/Program Files/Microsoft Visual Studio/2022/Community/VC/Tools/MSVC/14.44.35207/bin/Hostx64/x64/cl.exe
The following packages are already installed:
    asio:x64-windows@1.32.0
  * boost-algorithm:x64-windows@1.89.0
  * boost-align:x64-windows@1.89.0
  * boost-array:x64-windows@1.89.0
    boost-asio[core,deadline-timer,spawn]:x64-windows@1.89.0
  * boost-assert:x64-windows@1.89.0
  * boost-atomic:x64-windows@1.89.0
  * boost-bind:x64-windows@1.89.0
  * boost-chrono:x64-windows@1.89.0
  * boost-cmake:x64-windows@1.89.0
  * boost-concept-check:x64-windows@1.89.0
  * boost-config:x64-windows@1.89.0
  * boost-container:x64-windows@1.89.0
  * boost-container-hash:x64-windows@1.89.0
  * boost-context:x64-windows@1.89.0
  * boost-conversion:x64-windows@1.89.0
  * boost-core:x64-windows@1.89.0
  * boost-date-time:x64-windows@1.89.0
  * boost-describe:x64-windows@1.89.0
  * boost-detail:x64-windows@1.89.0
  * boost-exception:x64-windows@1.89.0
  * boost-function:x64-windows@1.89.0
  * boost-function-types:x64-windows@1.89.0
  * boost-functional:x64-windows@1.89.0
  * boost-fusion:x64-windows@1.89.0
  * boost-headers:x64-windows@1.89.0
  * boost-integer:x64-windows@1.89.0
  * boost-intrusive:x64-windows@1.89.0
  * boost-io:x64-windows@1.89.0
  * boost-iterator:x64-windows@1.89.0
  * boost-lexical-cast:x64-windows@1.89.0
  * boost-move:x64-windows@1.89.0
  * boost-mp11:x64-windows@1.89.0
  * boost-mpl:x64-windows@1.89.0
  * boost-numeric-conversion:x64-windows@1.89.0
  * boost-optional:x64-windows@1.89.0
  * boost-pool:x64-windows@1.89.0
  * boost-predef:x64-windows@1.89.0
  * boost-preprocessor:x64-windows@1.89.0
  * boost-range:x64-windows@1.89.0
  * boost-ratio:x64-windows@1.89.0
  * boost-regex:x64-windows@1.89.0
  * boost-smart-ptr:x64-windows@1.89.0
  * boost-static-assert:x64-windows@1.89.0
  * boost-system:x64-windows@1.89.0
    boost-thread:x64-windows@1.89.0
  * boost-throw-exception:x64-windows@1.89.0
  * boost-tokenizer:x64-windows@1.89.0
  * boost-tuple:x64-windows@1.89.0
  * boost-type-traits:x64-windows@1.89.0
  * boost-typeof:x64-windows@1.89.0
  * boost-uninstall:x64-windows@1.89.0
  * boost-unordered:x64-windows@1.89.0
  * boost-utility:x64-windows@1.89.0
  * boost-variant2:x64-windows@1.89.0
  * boost-winapi:x64-windows@1.89.0
  * bzip2[core,tool]:x64-windows@1.0.8#6
  * egl-registry:x64-windows@2025-05-27
  * expat:x64-windows@2.7.3
    fmt:x64-windows@12.1.0
    freeglut:x64-windows@3.6.0#2
    glad[core,loader]:x64-windows@0.1.36
    libarchive[bzip2,core,crypto,lz4,lzma,xar,zstd]:x64-windows@3.8.4
  * libjpeg-turbo:x64-windows@3.1.3
  * liblzma:x64-windows@5.8.1
  * libpng:x64-windows@1.6.53
  * libwebp[core,libwebpmux,nearlossless,simd,unicode]:x64-windows@1.6.0#2
  * lz4:x64-windows@1.10.0
  * nanosvg:x64-windows@2023-12-29
    nlohmann-json:x64-windows@3.12.0#1
  * opengl:x64-windows@2022-12-04#3
  * opengl-registry:x64-windows@2025-10-23
  * openssl:x64-windows@3.6.0#3
  * pcre2[core,jit,platform-default-features]:x64-windows@10.47
    spdlog[core,fmt]:x64-windows@1.16.0#1
  * tiff[core,jpeg,lzma,zip]:x64-windows@4.7.1
  * vcpkg-boost:x64-windows@2025-03-29
  * vcpkg-cmake:x64-windows@2024-04-23
  * vcpkg-cmake-config:x64-windows@2024-05-23
  * vcpkg-cmake-get-vars:x64-windows@2025-05-29
    wxwidgets[core,debug-support,sound]:x64-windows@3.3.1
  * zlib:x64-windows@1.3.1
  * zstd:x64-windows@1.5.7
asio provides CMake targets:

  # this is heuristically generated, and may not be correct
  find_package(asio CONFIG REQUIRED)
  target_link_libraries(main PRIVATE asio::asio)

asio provides pkg-config modules:

  # A cross-platform C++ library for network and low-level I/O programming that provides developers with a consistent asynchronous model using a modern C++ approach.
  asio

boost-asio provides CMake targets:

  # this is heuristically generated, and may not be correct
  find_package(boost_asio CONFIG REQUIRED)
  target_link_libraries(main PRIVATE Boost::asio)

  find_package(boost_asio_core CONFIG REQUIRED)
  target_link_libraries(main PRIVATE Boost::asio_core)

  find_package(boost_asio_deadline_timer CONFIG REQUIRED)
  target_link_libraries(main PRIVATE Boost::asio_deadline_timer)

  find_package(boost_asio_spawn CONFIG REQUIRED)
  target_link_libraries(main PRIVATE Boost::asio_spawn)

boost-thread provides CMake targets:

  # this is heuristically generated, and may not be correct
  find_package(boost_thread CONFIG REQUIRED)
  target_link_libraries(main PRIVATE Boost::thread)

The package fmt provides CMake targets:

    find_package(fmt CONFIG REQUIRED)
    target_link_libraries(main PRIVATE fmt::fmt)

    # Or use the header-only version
    find_package(fmt CONFIG REQUIRED)
    target_link_libraries(main PRIVATE fmt::fmt-header-only)

freeglut provides CMake targets:

    find_package(FreeGLUT CONFIG REQUIRED)
    target_link_libraries(main PRIVATE $<IF:$<TARGET_EXISTS:FreeGLUT::freeglut>,FreeGLUT::freeglut,FreeGLUT::freeglut_static>)

freeglut is compatible with built-in CMake targets:

    find_package(GLUT REQUIRED)
    target_link_libraries(main PRIVATE GLUT::GLUT)

glad provides CMake targets:

  # this is heuristically generated, and may not be correct
  find_package(glad CONFIG REQUIRED)
  target_link_libraries(main PRIVATE glad::glad)

libarchive is compatible with the CMake Find Module:

  find_package(LibArchive REQUIRED)
  target_link_libraries(main PRIVATE LibArchive::LibArchive) # since CMake 3.17

libarchive provides pkg-config modules:

  # library that can create and read several streaming archive formats
  libarchive

The package nlohmann-json provides CMake targets:

    find_package(nlohmann_json CONFIG REQUIRED)
    target_link_libraries(main PRIVATE nlohmann_json::nlohmann_json)

The package nlohmann-json can be configured to not provide implicit conversions via a custom triplet file:

    set(nlohmann-json_IMPLICIT_CONVERSIONS OFF)

For more information, see the docs here:
    
    https://json.nlohmann.me/api/macros/json_use_implicit_conversions/

The package spdlog provides CMake targets:

    find_package(spdlog CONFIG REQUIRED)
    target_link_libraries(main PRIVATE spdlog::spdlog)

    # Or use the header-only version
    find_package(spdlog CONFIG REQUIRED)
    target_link_libraries(main PRIVATE spdlog::spdlog_header_only)

The package wxwidgets provides CMake targets:

    find_package(wxWidgets CONFIG REQUIRED)
    target_link_libraries(main PRIVATE wx::core wx::base)

All requested installations completed successfully in: 1.2 ms
-- Running vcpkg install - done
-- Selecting Windows SDK version 10.0.26100.0 to target Windows 10.0.26200.
-- Console window enabled for debugging
-- Configuring done (2.1s)
-- Generating done (0.1s)
-- Build files have been written to: C:/Users/karol/Documents/GitHub/RME_v2/build_relwithdebinfo
[2/3] Building RelWithDebInfo... 
Wersja programu MSBuild 17.14.23+b0019275e dla .NET Framework

  Trwa skanowanie źródeł pod kątem zależności modułów...
  input_dispatcher.cpp
  basemap.cpp
  map_window.cpp
  render_coordinator.cpp
  Trwa kompilowanie…
  basemap.cpp
  render_coordinator.cpp
  map_window.cpp
  input_dispatcher.cpp
C:\Users\karol\Documents\GitHub\RME_v2\source\rendering\renderers\item_renderer.h(28,8): warning C4099: "Position": nazwa typu najpierw widoczna przy użyciu "class" teraz widoczna przy użyciu "struct" [C:\Users\karol\Documents\GitHub\RME_v2\build_relwithdebinfo\rme.vcxproj]
  (kompilowanie pliku źródłowego „../source/rendering/pipeline/render_coordinator.cpp”)
      C:\Users\karol\Documents\GitHub\RME_v2\source\position.h(29,7):
      zobacz deklarację „Position”
  
C:\Users\karol\Documents\GitHub\RME_v2\source\rendering\renderers\creature_renderer.h(25,7): warning C4099: "Outfit": nazwa typu najpierw widoczna przy użyciu "struct" teraz widoczna przy użyciu "class" [C:\Users\karol\Documents\GitHub\RME_v2\build_relwithdebinfo\rme.vcxproj]
  (kompilowanie pliku źródłowego „../source/rendering/pipeline/render_coordinator.cpp”)
      C:\Users\karol\Documents\GitHub\RME_v2\source\outfit.h(23,8):
      zobacz deklarację „Outfit”
  
C:\Users\karol\Documents\GitHub\RME_v2\source\rendering\renderers\selection_renderer.h(27,8): warning C4099: "Position": nazwa typu najpierw widoczna przy użyciu "class" teraz widoczna przy użyciu "struct" [C:\Users\karol\Documents\GitHub\RME_v2\build_relwithdebinfo\rme.vcxproj]
  (kompilowanie pliku źródłowego „../source/rendering/pipeline/render_coordinator.cpp”)
      C:\Users\karol\Documents\GitHub\RME_v2\source\position.h(29,7):
      zobacz deklarację „Position”
  
C:\Users\karol\Documents\GitHub\RME_v2\source\rendering\renderers\brush_renderer.h(27,8): warning C4099: "Position": nazwa typu najpierw widoczna przy użyciu "class" teraz widoczna przy użyciu "struct" [C:\Users\karol\Documents\GitHub\RME_v2\build_relwithdebinfo\rme.vcxproj]
  (kompilowanie pliku źródłowego „../source/rendering/pipeline/render_coordinator.cpp”)
      C:\Users\karol\Documents\GitHub\RME_v2\source\position.h(29,7):
      zobacz deklarację „Position”
  
C:\Users\karol\Documents\GitHub\RME_v2\source\rendering\pipeline\render_coordinator.cpp(192,23): warning C4804: ">": niebezpieczne użycie typu "bool" w operacji [C:\Users\karol\Documents\GitHub\RME_v2\build_relwithdebinfo\rme.vcxproj]
  rme.vcxproj -> C:\Users\karol\Documents\GitHub\RME_v2\build_relwithdebinfo\RelWithDebInfo\rme.exe
======================================== 
 BUILD SUCCESSFUL 
 Output: C:\Users\karol\Documents\GitHub\RME_v2\build_relwithdebinfo\RelWithDebInfo\rme.exe 
 Finished: czw. 22.01.2026 13:49:08,26 
======================================== 
