======================================== 
 RME Windows Build Script 
 Started: òr. 21.01.2026 22:15:46,05 
======================================== 
[1/3] Configuring CMake... 
-- Running vcpkg install
Detecting compiler hash for triplet x64-windows...
Compiler found: C:/Program Files/Microsoft Visual Studio/2022/Community/VC/Tools/MSVC/14.44.35207/bin/Hostx64/x64/cl.exe
The following packages are already installed:
    asio:x64-windows@1.32.0
  * boost-algorithm:x64-windows@1.89.0
  * boost-align:x64-windows@1.89.0
  * boost-array:x64-windows@1.89.0
    boost-asio[core,deadline-timer,spawn]:x64-windows@1.89.0
  * boost-assert:x64-windows@1.89.0
  * boost-atomic:x64-windows@1.89.0
  * boost-bind:x64-windows@1.89.0
  * boost-chrono:x64-windows@1.89.0
  * boost-cmake:x64-windows@1.89.0
  * boost-concept-check:x64-windows@1.89.0
  * boost-config:x64-windows@1.89.0
  * boost-container:x64-windows@1.89.0
  * boost-container-hash:x64-windows@1.89.0
  * boost-context:x64-windows@1.89.0
  * boost-conversion:x64-windows@1.89.0
  * boost-core:x64-windows@1.89.0
  * boost-date-time:x64-windows@1.89.0
  * boost-describe:x64-windows@1.89.0
  * boost-detail:x64-windows@1.89.0
  * boost-exception:x64-windows@1.89.0
  * boost-function:x64-windows@1.89.0
  * boost-function-types:x64-windows@1.89.0
  * boost-functional:x64-windows@1.89.0
  * boost-fusion:x64-windows@1.89.0
  * boost-headers:x64-windows@1.89.0
  * boost-integer:x64-windows@1.89.0
  * boost-intrusive:x64-windows@1.89.0
  * boost-io:x64-windows@1.89.0
  * boost-iterator:x64-windows@1.89.0
  * boost-lexical-cast:x64-windows@1.89.0
  * boost-move:x64-windows@1.89.0
  * boost-mp11:x64-windows@1.89.0
  * boost-mpl:x64-windows@1.89.0
  * boost-numeric-conversion:x64-windows@1.89.0
  * boost-optional:x64-windows@1.89.0
  * boost-pool:x64-windows@1.89.0
  * boost-predef:x64-windows@1.89.0
  * boost-preprocessor:x64-windows@1.89.0
  * boost-range:x64-windows@1.89.0
  * boost-ratio:x64-windows@1.89.0
  * boost-regex:x64-windows@1.89.0
  * boost-smart-ptr:x64-windows@1.89.0
  * boost-static-assert:x64-windows@1.89.0
  * boost-system:x64-windows@1.89.0
    boost-thread:x64-windows@1.89.0
  * boost-throw-exception:x64-windows@1.89.0
  * boost-tokenizer:x64-windows@1.89.0
  * boost-tuple:x64-windows@1.89.0
  * boost-type-traits:x64-windows@1.89.0
  * boost-typeof:x64-windows@1.89.0
  * boost-uninstall:x64-windows@1.89.0
  * boost-unordered:x64-windows@1.89.0
  * boost-utility:x64-windows@1.89.0
  * boost-variant2:x64-windows@1.89.0
  * boost-winapi:x64-windows@1.89.0
  * bzip2[core,tool]:x64-windows@1.0.8#6
  * egl-registry:x64-windows@2025-05-27
  * expat:x64-windows@2.7.3
    fmt:x64-windows@12.1.0
    freeglut:x64-windows@3.6.0#2
    glad[core,loader]:x64-windows@0.1.36
    libarchive[bzip2,core,crypto,lz4,lzma,xar,zstd]:x64-windows@3.8.4
  * libjpeg-turbo:x64-windows@3.1.3
  * liblzma:x64-windows@5.8.1
  * libpng:x64-windows@1.6.53
  * libwebp[core,libwebpmux,nearlossless,simd,unicode]:x64-windows@1.6.0#2
  * lz4:x64-windows@1.10.0
  * nanosvg:x64-windows@2023-12-29
    nlohmann-json:x64-windows@3.12.0#1
  * opengl:x64-windows@2022-12-04#3
  * opengl-registry:x64-windows@2025-10-23
  * openssl:x64-windows@3.6.0#3
  * pcre2[core,jit,platform-default-features]:x64-windows@10.47
  * tiff[core,jpeg,lzma,zip]:x64-windows@4.7.1
  * vcpkg-boost:x64-windows@2025-03-29
  * vcpkg-cmake:x64-windows@2024-04-23
  * vcpkg-cmake-config:x64-windows@2024-05-23
  * vcpkg-cmake-get-vars:x64-windows@2025-05-29
    wxwidgets[core,debug-support,sound]:x64-windows@3.3.1
  * zlib:x64-windows@1.3.1
  * zstd:x64-windows@1.5.7
asio provides CMake targets:

  # this is heuristically generated, and may not be correct
  find_package(asio CONFIG REQUIRED)
  target_link_libraries(main PRIVATE asio::asio)

asio provides pkg-config modules:

  # A cross-platform C++ library for network and low-level I/O programming that provides developers with a consistent asynchronous model using a modern C++ approach.
  asio

boost-asio provides CMake targets:

  # this is heuristically generated, and may not be correct
  find_package(boost_asio CONFIG REQUIRED)
  target_link_libraries(main PRIVATE Boost::asio)

  find_package(boost_asio_core CONFIG REQUIRED)
  target_link_libraries(main PRIVATE Boost::asio_core)

  find_package(boost_asio_deadline_timer CONFIG REQUIRED)
  target_link_libraries(main PRIVATE Boost::asio_deadline_timer)

  find_package(boost_asio_spawn CONFIG REQUIRED)
  target_link_libraries(main PRIVATE Boost::asio_spawn)

boost-thread provides CMake targets:

  # this is heuristically generated, and may not be correct
  find_package(boost_thread CONFIG REQUIRED)
  target_link_libraries(main PRIVATE Boost::thread)

The package fmt provides CMake targets:

    find_package(fmt CONFIG REQUIRED)
    target_link_libraries(main PRIVATE fmt::fmt)

    # Or use the header-only version
    find_package(fmt CONFIG REQUIRED)
    target_link_libraries(main PRIVATE fmt::fmt-header-only)

freeglut provides CMake targets:

    find_package(FreeGLUT CONFIG REQUIRED)
    target_link_libraries(main PRIVATE $<IF:$<TARGET_EXISTS:FreeGLUT::freeglut>,FreeGLUT::freeglut,FreeGLUT::freeglut_static>)

freeglut is compatible with built-in CMake targets:

    find_package(GLUT REQUIRED)
    target_link_libraries(main PRIVATE GLUT::GLUT)

glad provides CMake targets:

  # this is heuristically generated, and may not be correct
  find_package(glad CONFIG REQUIRED)
  target_link_libraries(main PRIVATE glad::glad)

libarchive is compatible with the CMake Find Module:

  find_package(LibArchive REQUIRED)
  target_link_libraries(main PRIVATE LibArchive::LibArchive) # since CMake 3.17

libarchive provides pkg-config modules:

  # library that can create and read several streaming archive formats
  libarchive

The package nlohmann-json provides CMake targets:

    find_package(nlohmann_json CONFIG REQUIRED)
    target_link_libraries(main PRIVATE nlohmann_json::nlohmann_json)

The package nlohmann-json can be configured to not provide implicit conversions via a custom triplet file:

    set(nlohmann-json_IMPLICIT_CONVERSIONS OFF)

For more information, see the docs here:
    
    https://json.nlohmann.me/api/macros/json_use_implicit_conversions/

The package wxwidgets provides CMake targets:

    find_package(wxWidgets CONFIG REQUIRED)
    target_link_libraries(main PRIVATE wx::core wx::base)

All requested installations completed successfully in: 1.92 ms
-- Running vcpkg install - done
-- Selecting Windows SDK version 10.0.26100.0 to target Windows 10.0.26200.
-- Console window enabled for debugging
-- Configuring done (2.6s)
-- Generating done (0.1s)
-- Build files have been written to: C:/Users/karol/Documents/GitHub/RME_v2/build
[2/3] Building Release... 
Wersja programu MSBuild 17.14.23+b0019275e dla .NET Framework

  Trwa skanowanie ≈∫r√≥de≈Ç pod kƒÖtem zale≈ºno≈õci modu≈Ç√≥w...
  complexitem.cpp
  brush_tables.cpp
  brush.cpp
  browse_tile_window.cpp
  client_version.cpp
  add_tileset_window.cpp
  about_window.cpp
  action.cpp
  carpet_brush.cpp
  basemap.cpp
  positionctrl.cpp
  artprovider.cpp
  common.cpp
  application.cpp
  common_windows.cpp
  add_item_window.cpp
  find_item_window.cpp
  creature_brush.cpp
  creatures.cpp
  dat_debug_view.cpp
  copybuffer.cpp
  creature.cpp
  doodad_brush.cpp
  dcbutton.cpp
  editor.cpp
  editor_tabs.cpp
  container_properties_window.cpp
  graphics.cpp
  eraser_brush.cpp
  extension.cpp
  extension_window.cpp
  filehandle.cpp
  ground_brush.cpp
  gui.cpp
  house_exit_brush.cpp
  house.cpp
  house_brush.cpp
  item_attributes.cpp
  iomap.cpp
  iomap_otbm.cpp
  item.cpp
  light_drawer.cpp
  sprite_loader.cpp
  items.cpp
  texture_cache.cpp
  tile_renderer.cpp
  item_renderer.cpp
  texture_manager.cpp
  creature_renderer.cpp
  selection_renderer.cpp
  brush_renderer.cpp
  grid_renderer.cpp
  light_renderer.cpp
  ui_renderer.cpp
  font_renderer.cpp
  tooltip_renderer.cpp
  render_state.cpp
  render_coordinator.cpp
  mouse_handler.cpp
  coordinate_mapper.cpp
  selection_handler.cpp
  camera_handler.cpp
  input_dispatcher.cpp
  brush_handler.cpp
  map_canvas.cpp
  live_client.cpp
  live_action.cpp
  live_socket.cpp
  live_peer.cpp
  live_server.cpp
  live_tab.cpp
  main_menubar.cpp
  main_toolbar.cpp
  map.cpp
  map_tab.cpp
  materials.cpp
  map_window.cpp
  mkpch.cpp
  minimap_window.cpp
  map_region.cpp
  mt_rand.cpp
  net_connection.cpp
  old_properties_window.cpp
  numbertextctrl.cpp
  palette_brushlist.cpp
  palette_common.cpp
  palette_creature.cpp
  palette_house.cpp
  process_com.cpp
  pngfiles.cpp
  palette_window.cpp
  preferences.cpp
  properties_window.cpp
  palette_waypoints.cpp
  replace_items_window.cpp
  raw_brush.cpp
  result_window.cpp
  rme_net.cpp
  selection.cpp
  settings.cpp
  spawn.cpp
  spawn_brush.cpp
  table_brush.cpp
  templatemap76-74.cpp
  templatemapclassic.cpp
  templatemap81.cpp
  tile.cpp
  templatemap854.cpp
  tileset.cpp
  tileset_window.cpp
  town.cpp
  updater.cpp
  wall_brush.cpp
  waypoints.cpp
  welcome_dialog.cpp
  waypoint_brush.cpp
  Trwa kompilowanie‚Ä¶
  artprovider.cpp
  brush_tables.cpp
  common_windows.cpp
  add_tileset_window.cpp
  carpet_brush.cpp
  about_window.cpp
  basemap.cpp
  complexitem.cpp
  application.cpp
  common.cpp
  client_version.cpp
  brush.cpp
  positionctrl.cpp
  action.cpp
  add_item_window.cpp
  browse_tile_window.cpp
C:\Users\karol\Documents\GitHub\RME_v2\source\rme_forward_declarations.h(35,8): warning C4099: "Position": nazwa typu najpierw widoczna przy u≈ºyciu "class" teraz widoczna przy u≈ºyciu "struct" [C:\Users\karol\Documents\GitHub\RME_v2\build\rme.vcxproj]
C:\Users\karol\Documents\GitHub\RME_v2\source\rme_forward_declarations.h(35,8): warning C4099: "Position": nazwa typu najpierw widoczna przy u≈ºyciu "class" teraz widoczna przy u≈ºyciu "struct" [C:\Users\karol\Documents\GitHub\RME_v2\build\rme.vcxproj]
C:\Users\karol\Documents\GitHub\RME_v2\source\rme_forward_declarations.h(35,8): warning C4099: "Position": nazwa typu najpierw widoczna przy u≈ºyciu "class" teraz widoczna przy u≈ºyciu "struct" [C:\Users\karol\Documents\GitHub\RME_v2\build\rme.vcxproj]
  (kompilowanie pliku ≈∫r√≥d≈Çowego ‚Äû../source/brush_tables.cpp‚Äù)
      C:\Users\karol\Documents\GitHub\RME_v2\source\position.h(28,7):
      zobacz deklaracjƒô ‚ÄûPosition‚Äù
  
  (kompilowanie pliku ≈∫r√≥d≈Çowego ‚Äû../source/add_tileset_window.cpp‚Äù)
      C:\Users\karol\Documents\GitHub\RME_v2\source\position.h(28,7):
      zobacz deklaracjƒô ‚ÄûPosition‚Äù
  
  (kompilowanie pliku ≈∫r√≥d≈Çowego ‚Äû../source/complexitem.cpp‚Äù)
      C:\Users\karol\Documents\GitHub\RME_v2\source\position.h(28,7):
      zobacz deklaracjƒô ‚ÄûPosition‚Äù
  
C:\Users\karol\Documents\GitHub\RME_v2\source\rme_forward_declarations.h(35,8): warning C4099: "Position": nazwa typu najpierw widoczna przy u≈ºyciu "class" teraz widoczna przy u≈ºyciu "struct" [C:\Users\karol\Documents\GitHub\RME_v2\build\rme.vcxproj]
  (kompilowanie pliku ≈∫r√≥d≈Çowego ‚Äû../source/add_item_window.cpp‚Äù)
      C:\Users\karol\Documents\GitHub\RME_v2\source\position.h(28,7):
      zobacz deklaracjƒô ‚ÄûPosition‚Äù
  
C:\Users\karol\Documents\GitHub\RME_v2\source\rme_forward_declarations.h(35,8): warning C4099: "Position": nazwa typu najpierw widoczna przy u≈ºyciu "class" teraz widoczna przy u≈ºyciu "struct" [C:\Users\karol\Documents\GitHub\RME_v2\build\rme.vcxproj]
  (kompilowanie pliku ≈∫r√≥d≈Çowego ‚Äû../source/application.cpp‚Äù)
      C:\Users\karol\Documents\GitHub\RME_v2\source\position.h(28,7):
      zobacz deklaracjƒô ‚ÄûPosition‚Äù
  
C:\Users\karol\Documents\GitHub\RME_v2\source\rme_forward_declarations.h(35,8): warning C4099: "Position": nazwa typu najpierw widoczna przy u≈ºyciu "class" teraz widoczna przy u≈ºyciu "struct" [C:\Users\karol\Documents\GitHub\RME_v2\build\rme.vcxproj]
  (kompilowanie pliku ≈∫r√≥d≈Çowego ‚Äû../source/carpet_brush.cpp‚Äù)
      C:\Users\karol\Documents\GitHub\RME_v2\source\position.h(28,7):
      zobacz deklaracjƒô ‚ÄûPosition‚Äù
  
C:\Users\karol\Documents\GitHub\RME_v2\source\rme_forward_declarations.h(35,8): warning C4099: "Position": nazwa typu najpierw widoczna przy u≈ºyciu "class" teraz widoczna przy u≈ºyciu "struct" [C:\Users\karol\Documents\GitHub\RME_v2\build\rme.vcxproj]
  (kompilowanie pliku ≈∫r√≥d≈Çowego ‚Äû../source/action.cpp‚Äù)
      C:\Users\karol\Documents\GitHub\RME_v2\source\position.h(28,7):
      zobacz deklaracjƒô ‚ÄûPosition‚Äù
  
C:\Users\karol\Documents\GitHub\RME_v2\source\rme_forward_declarations.h(35,8): warning C4099: "Position": nazwa typu najpierw widoczna przy u≈ºyciu "class" teraz widoczna przy u≈ºyciu "struct" [C:\Users\karol\Documents\GitHub\RME_v2\build\rme.vcxproj]
  (kompilowanie pliku ≈∫r√≥d≈Çowego ‚Äû../source/about_window.cpp‚Äù)
      C:\Users\karol\Documents\GitHub\RME_v2\source\position.h(28,7):
      zobacz deklaracjƒô ‚ÄûPosition‚Äù
  
C:\Users\karol\Documents\GitHub\RME_v2\source\rme_forward_declarations.h(35,8): warning C4099: "Position": nazwa typu najpierw widoczna przy u≈ºyciu "class" teraz widoczna przy u≈ºyciu "struct" [C:\Users\karol\Documents\GitHub\RME_v2\build\rme.vcxproj]
  (kompilowanie pliku ≈∫r√≥d≈Çowego ‚Äû../source/brush.cpp‚Äù)
      C:\Users\karol\Documents\GitHub\RME_v2\source\position.h(28,7):
      zobacz deklaracjƒô ‚ÄûPosition‚Äù
  
C:\Users\karol\Documents\GitHub\RME_v2\source\rme_forward_declarations.h(35,8): warning C4099: "Position": nazwa typu najpierw widoczna przy u≈ºyciu "class" teraz widoczna przy u≈ºyciu "struct" [C:\Users\karol\Documents\GitHub\RME_v2\build\rme.vcxproj]
  (kompilowanie pliku ≈∫r√≥d≈Çowego ‚Äû../source/common_windows.cpp‚Äù)
      C:\Users\karol\Documents\GitHub\RME_v2\source\position.h(28,7):
      zobacz deklaracjƒô ‚ÄûPosition‚Äù
  
C:\Users\karol\Documents\GitHub\RME_v2\source\rme_forward_declarations.h(35,8): warning C4099: "Position": nazwa typu najpierw widoczna przy u≈ºyciu "class" teraz widoczna przy u≈ºyciu "struct" [C:\Users\karol\Documents\GitHub\RME_v2\build\rme.vcxproj]
  (kompilowanie pliku ≈∫r√≥d≈Çowego ‚Äû../source/client_version.cpp‚Äù)
      C:\Users\karol\Documents\GitHub\RME_v2\source\position.h(28,7):
      zobacz deklaracjƒô ‚ÄûPosition‚Äù
  
C:\Users\karol\Documents\GitHub\RME_v2\source\rme_forward_declarations.h(35,8): warning C4099: "Position": nazwa typu najpierw widoczna przy u≈ºyciu "class" teraz widoczna przy u≈ºyciu "struct" [C:\Users\karol\Documents\GitHub\RME_v2\build\rme.vcxproj]
  (kompilowanie pliku ≈∫r√≥d≈Çowego ‚Äû../source/common.cpp‚Äù)
      C:\Users\karol\Documents\GitHub\RME_v2\source\position.h(28,7):
      zobacz deklaracjƒô ‚ÄûPosition‚Äù
  
C:\Users\karol\Documents\GitHub\RME_v2\source\rme_forward_declarations.h(35,8): warning C4099: "Position": nazwa typu najpierw widoczna przy u≈ºyciu "class" teraz widoczna przy u≈ºyciu "struct" [C:\Users\karol\Documents\GitHub\RME_v2\build\rme.vcxproj]
  (kompilowanie pliku ≈∫r√≥d≈Çowego ‚Äû../source/positionctrl.cpp‚Äù)
      C:\Users\karol\Documents\GitHub\RME_v2\source\position.h(28,7):
      zobacz deklaracjƒô ‚ÄûPosition‚Äù
  
C:\Users\karol\Documents\GitHub\RME_v2\source\rme_forward_declarations.h(35,8): warning C4099: "Position": nazwa typu najpierw widoczna przy u≈ºyciu "class" teraz widoczna przy u≈ºyciu "struct" [C:\Users\karol\Documents\GitHub\RME_v2\build\rme.vcxproj]
  (kompilowanie pliku ≈∫r√≥d≈Çowego ‚Äû../source/browse_tile_window.cpp‚Äù)
      C:\Users\karol\Documents\GitHub\RME_v2\source\position.h(28,7):
      zobacz deklaracjƒô ‚ÄûPosition‚Äù
  
C:\Users\karol\Documents\GitHub\RME_v2\source\rme_forward_declarations.h(35,8): warning C4099: "Position": nazwa typu najpierw widoczna przy u≈ºyciu "class" teraz widoczna przy u≈ºyciu "struct" [C:\Users\karol\Documents\GitHub\RME_v2\build\rme.vcxproj]
C:\Users\karol\Documents\GitHub\RME_v2\source\rme_forward_declarations.h(35,8): warning C4099: "Position": nazwa typu najpierw widoczna przy u≈ºyciu "class" teraz widoczna przy u≈ºyciu "struct" [C:\Users\karol\Documents\GitHub\RME_v2\build\rme.vcxproj]
  (kompilowanie pliku ≈∫r√≥d≈Çowego ‚Äû../source/basemap.cpp‚Äù)
      C:\Users\karol\Documents\GitHub\RME_v2\source\position.h(28,7):
      zobacz deklaracjƒô ‚ÄûPosition‚Äù
  
  (kompilowanie pliku ≈∫r√≥d≈Çowego ‚Äû../source/artprovider.cpp‚Äù)
      C:\Users\karol\Documents\GitHub\RME_v2\source\position.h(28,7):
      zobacz deklaracjƒô ‚ÄûPosition‚Äù
  
  container_properties_window.cpp
  dcbutton.cpp
  creature_brush.cpp
  dat_debug_view.cpp
  creatures.cpp
  copybuffer.cpp
  doodad_brush.cpp
  creature.cpp
  graphics.cpp
  editor.cpp
  extension.cpp
  find_item_window.cpp
  editor_tabs.cpp
  extension_window.cpp
  eraser_brush.cpp
  filehandle.cpp
C:\Users\karol\Documents\GitHub\RME_v2\source\rme_forward_declarations.h(35,8): warning C4099: "Position": nazwa typu najpierw widoczna przy u≈ºyciu "class" teraz widoczna przy u≈ºyciu "struct" [C:\Users\karol\Documents\GitHub\RME_v2\build\rme.vcxproj]
  (kompilowanie pliku ≈∫r√≥d≈Çowego ‚Äû../source/container_properties_window.cpp‚Äù)
      C:\Users\karol\Documents\GitHub\RME_v2\source\position.h(28,7):
      zobacz deklaracjƒô ‚ÄûPosition‚Äù
  
C:\Users\karol\Documents\GitHub\RME_v2\source\rme_forward_declarations.h(35,8): warning C4099: "Position": nazwa typu najpierw widoczna przy u≈ºyciu "class" teraz widoczna przy u≈ºyciu "struct" [C:\Users\karol\Documents\GitHub\RME_v2\build\rme.vcxproj]
  (kompilowanie pliku ≈∫r√≥d≈Çowego ‚Äû../source/dat_debug_view.cpp‚Äù)
      C:\Users\karol\Documents\GitHub\RME_v2\source\position.h(28,7):
      zobacz deklaracjƒô ‚ÄûPosition‚Äù
  
C:\Users\karol\Documents\GitHub\RME_v2\source\rme_forward_declarations.h(35,8): warning C4099: "Position": nazwa typu najpierw widoczna przy u≈ºyciu "class" teraz widoczna przy u≈ºyciu "struct" [C:\Users\karol\Documents\GitHub\RME_v2\build\rme.vcxproj]
  (kompilowanie pliku ≈∫r√≥d≈Çowego ‚Äû../source/dcbutton.cpp‚Äù)
      C:\Users\karol\Documents\GitHub\RME_v2\source\position.h(28,7):
      zobacz deklaracjƒô ‚ÄûPosition‚Äù
  
C:\Users\karol\Documents\GitHub\RME_v2\source\rme_forward_declarations.h(35,8): warning C4099: "Position": nazwa typu najpierw widoczna przy u≈ºyciu "class" teraz widoczna przy u≈ºyciu "struct" [C:\Users\karol\Documents\GitHub\RME_v2\build\rme.vcxproj]
  (kompilowanie pliku ≈∫r√≥d≈Çowego ‚Äû../source/creature_brush.cpp‚Äù)
      C:\Users\karol\Documents\GitHub\RME_v2\source\position.h(28,7):
      zobacz deklaracjƒô ‚ÄûPosition‚Äù
  
C:\Users\karol\Documents\GitHub\RME_v2\source\rme_forward_declarations.h(35,8): warning C4099: "Position": nazwa typu najpierw widoczna przy u≈ºyciu "class" teraz widoczna przy u≈ºyciu "struct" [C:\Users\karol\Documents\GitHub\RME_v2\build\rme.vcxproj]
  (kompilowanie pliku ≈∫r√≥d≈Çowego ‚Äû../source/creatures.cpp‚Äù)
      C:\Users\karol\Documents\GitHub\RME_v2\source\position.h(28,7):
      zobacz deklaracjƒô ‚ÄûPosition‚Äù
  
C:\Users\karol\Documents\GitHub\RME_v2\source\rme_forward_declarations.h(35,8): warning C4099: "Position": nazwa typu najpierw widoczna przy u≈ºyciu "class" teraz widoczna przy u≈ºyciu "struct" [C:\Users\karol\Documents\GitHub\RME_v2\build\rme.vcxproj]
  (kompilowanie pliku ≈∫r√≥d≈Çowego ‚Äû../source/doodad_brush.cpp‚Äù)
      C:\Users\karol\Documents\GitHub\RME_v2\source\position.h(28,7):
      zobacz deklaracjƒô ‚ÄûPosition‚Äù
  
C:\Users\karol\Documents\GitHub\RME_v2\source\rme_forward_declarations.h(35,8): warning C4099: "Position": nazwa typu najpierw widoczna przy u≈ºyciu "class" teraz widoczna przy u≈ºyciu "struct" [C:\Users\karol\Documents\GitHub\RME_v2\build\rme.vcxproj]
  (kompilowanie pliku ≈∫r√≥d≈Çowego ‚Äû../source/creature.cpp‚Äù)
      C:\Users\karol\Documents\GitHub\RME_v2\source\position.h(28,7):
      zobacz deklaracjƒô ‚ÄûPosition‚Äù
  
C:\Users\karol\Documents\GitHub\RME_v2\source\rme_forward_declarations.h(35,8): warning C4099: "Position": nazwa typu najpierw widoczna przy u≈ºyciu "class" teraz widoczna przy u≈ºyciu "struct" [C:\Users\karol\Documents\GitHub\RME_v2\build\rme.vcxproj]
  (kompilowanie pliku ≈∫r√≥d≈Çowego ‚Äû../source/extension.cpp‚Äù)
      C:\Users\karol\Documents\GitHub\RME_v2\source\position.h(28,7):
      zobacz deklaracjƒô ‚ÄûPosition‚Äù
  
C:\Users\karol\Documents\GitHub\RME_v2\source\rme_forward_declarations.h(35,8): warning C4099: "Position": nazwa typu najpierw widoczna przy u≈ºyciu "class" teraz widoczna przy u≈ºyciu "struct" [C:\Users\karol\Documents\GitHub\RME_v2\build\rme.vcxproj]
  (kompilowanie pliku ≈∫r√≥d≈Çowego ‚Äû../source/copybuffer.cpp‚Äù)
      C:\Users\karol\Documents\GitHub\RME_v2\source\position.h(28,7):
      zobacz deklaracjƒô ‚ÄûPosition‚Äù
  
C:\Users\karol\Documents\GitHub\RME_v2\source\rme_forward_declarations.h(35,8): warning C4099: "Position": nazwa typu najpierw widoczna przy u≈ºyciu "class" teraz widoczna przy u≈ºyciu "struct" [C:\Users\karol\Documents\GitHub\RME_v2\build\rme.vcxproj]
  (kompilowanie pliku ≈∫r√≥d≈Çowego ‚Äû../source/eraser_brush.cpp‚Äù)
      C:\Users\karol\Documents\GitHub\RME_v2\source\position.h(28,7):
      zobacz deklaracjƒô ‚ÄûPosition‚Äù
  
C:\Users\karol\Documents\GitHub\RME_v2\source\rme_forward_declarations.h(35,8): warning C4099: "Position": nazwa typu najpierw widoczna przy u≈ºyciu "class" teraz widoczna przy u≈ºyciu "struct" [C:\Users\karol\Documents\GitHub\RME_v2\build\rme.vcxproj]
  (kompilowanie pliku ≈∫r√≥d≈Çowego ‚Äû../source/editor_tabs.cpp‚Äù)
      C:\Users\karol\Documents\GitHub\RME_v2\source\position.h(28,7):
      zobacz deklaracjƒô ‚ÄûPosition‚Äù
  
C:\Users\karol\Documents\GitHub\RME_v2\source\rme_forward_declarations.h(35,8): warning C4099: "Position": nazwa typu najpierw widoczna przy u≈ºyciu "class" teraz widoczna przy u≈ºyciu "struct" [C:\Users\karol\Documents\GitHub\RME_v2\build\rme.vcxproj]
  (kompilowanie pliku ≈∫r√≥d≈Çowego ‚Äû../source/find_item_window.cpp‚Äù)
      C:\Users\karol\Documents\GitHub\RME_v2\source\position.h(28,7):
      zobacz deklaracjƒô ‚ÄûPosition‚Äù
  
C:\Users\karol\Documents\GitHub\RME_v2\source\rme_forward_declarations.h(35,8): warning C4099: "Position": nazwa typu najpierw widoczna przy u≈ºyciu "class" teraz widoczna przy u≈ºyciu "struct" [C:\Users\karol\Documents\GitHub\RME_v2\build\rme.vcxproj]
  (kompilowanie pliku ≈∫r√≥d≈Çowego ‚Äû../source/filehandle.cpp‚Äù)
      C:\Users\karol\Documents\GitHub\RME_v2\source\position.h(28,7):
      zobacz deklaracjƒô ‚ÄûPosition‚Äù
  
C:\Users\karol\Documents\GitHub\RME_v2\source\rme_forward_declarations.h(35,8): warning C4099: "Position": nazwa typu najpierw widoczna przy u≈ºyciu "class" teraz widoczna przy u≈ºyciu "struct" [C:\Users\karol\Documents\GitHub\RME_v2\build\rme.vcxproj]
  (kompilowanie pliku ≈∫r√≥d≈Çowego ‚Äû../source/extension_window.cpp‚Äù)
      C:\Users\karol\Documents\GitHub\RME_v2\source\position.h(28,7):
      zobacz deklaracjƒô ‚ÄûPosition‚Äù
  
C:\Users\karol\Documents\GitHub\RME_v2\source\rme_forward_declarations.h(35,8): warning C4099: "Position": nazwa typu najpierw widoczna przy u≈ºyciu "class" teraz widoczna przy u≈ºyciu "struct" [C:\Users\karol\Documents\GitHub\RME_v2\build\rme.vcxproj]
  (kompilowanie pliku ≈∫r√≥d≈Çowego ‚Äû../source/editor.cpp‚Äù)
      C:\Users\karol\Documents\GitHub\RME_v2\source\position.h(28,7):
      zobacz deklaracjƒô ‚ÄûPosition‚Äù
  
C:\Users\karol\Documents\GitHub\RME_v2\source\rme_forward_declarations.h(35,8): warning C4099: "Position": nazwa typu najpierw widoczna przy u≈ºyciu "class" teraz widoczna przy u≈ºyciu "struct" [C:\Users\karol\Documents\GitHub\RME_v2\build\rme.vcxproj]
  (kompilowanie pliku ≈∫r√≥d≈Çowego ‚Äû../source/rendering/graphics.cpp‚Äù)
      C:\Users\karol\Documents\GitHub\RME_v2\source\position.h(28,7):
      zobacz deklaracjƒô ‚ÄûPosition‚Äù
  
  ground_brush.cpp
  gui.cpp
  house.cpp
  house_brush.cpp
  house_exit_brush.cpp
  item_attributes.cpp
  iomap.cpp
  iomap_otbm.cpp
  item.cpp
  items.cpp
  sprite_loader.cpp
  light_drawer.cpp
  texture_manager.cpp
  tile_renderer.cpp
  item_renderer.cpp
  texture_cache.cpp
C:\Users\karol\Documents\GitHub\RME_v2\source\rme_forward_declarations.h(35,8): warning C4099: "Position": nazwa typu najpierw widoczna przy u≈ºyciu "class" teraz widoczna przy u≈ºyciu "struct" [C:\Users\karol\Documents\GitHub\RME_v2\build\rme.vcxproj]
  (kompilowanie pliku ≈∫r√≥d≈Çowego ‚Äû../source/ground_brush.cpp‚Äù)
      C:\Users\karol\Documents\GitHub\RME_v2\source\position.h(28,7):
      zobacz deklaracjƒô ‚ÄûPosition‚Äù
  
C:\Users\karol\Documents\GitHub\RME_v2\source\rme_forward_declarations.h(35,8): warning C4099: "Position": nazwa typu najpierw widoczna przy u≈ºyciu "class" teraz widoczna przy u≈ºyciu "struct" [C:\Users\karol\Documents\GitHub\RME_v2\build\rme.vcxproj]
  (kompilowanie pliku ≈∫r√≥d≈Çowego ‚Äû../source/gui.cpp‚Äù)
      C:\Users\karol\Documents\GitHub\RME_v2\source\position.h(28,7):
      zobacz deklaracjƒô ‚ÄûPosition‚Äù
  
C:\Users\karol\Documents\GitHub\RME_v2\source\gui.cpp(337,17): error C2039: ‚ÄûloadOTFI‚Äù: nie jest sk≈ÇadowƒÖ elementu ‚ÄûGraphicManager‚Äù [C:\Users\karol\Documents\GitHub\RME_v2\build\rme.vcxproj]
      C:\Users\karol\Documents\GitHub\RME_v2\source\rendering\graphics.h(276,7):
      zobacz deklaracjƒô ‚ÄûGraphicManager‚Äù
  
C:\Users\karol\Documents\GitHub\RME_v2\source\gui.cpp(348,17): error C2039: ‚ÄûloadSpriteMetadata‚Äù: nie jest sk≈ÇadowƒÖ elementu ‚ÄûGraphicManager‚Äù [C:\Users\karol\Documents\GitHub\RME_v2\build\rme.vcxproj]
      C:\Users\karol\Documents\GitHub\RME_v2\source\rendering\graphics.h(276,7):
      zobacz deklaracjƒô ‚ÄûGraphicManager‚Äù
  
C:\Users\karol\Documents\GitHub\RME_v2\source\gui.cpp(358,17): error C2039: ‚ÄûloadSpriteData‚Äù: nie jest sk≈ÇadowƒÖ elementu ‚ÄûGraphicManager‚Äù [C:\Users\karol\Documents\GitHub\RME_v2\build\rme.vcxproj]
      C:\Users\karol\Documents\GitHub\RME_v2\source\rendering\graphics.h(276,7):
      zobacz deklaracjƒô ‚ÄûGraphicManager‚Äù
  
C:\Users\karol\Documents\GitHub\RME_v2\source\gui.cpp(472,28): error C2039: ‚ÄûGetZoom‚Äù: nie jest sk≈ÇadowƒÖ elementu ‚Äûrme::canvas::MapCanvas‚Äù [C:\Users\karol\Documents\GitHub\RME_v2\build\rme.vcxproj]
      C:\Users\karol\Documents\GitHub\RME_v2\source\rendering\canvas\map_canvas.h(43,9):
      zobacz deklaracjƒô ‚Äûrme::canvas::MapCanvas‚Äù
  
C:\Users\karol\Documents\GitHub\RME_v2\source\gui.cpp(480,21): error C2039: ‚ÄûSetZoom‚Äù: nie jest sk≈ÇadowƒÖ elementu ‚Äûrme::canvas::MapCanvas‚Äù [C:\Users\karol\Documents\GitHub\RME_v2\build\rme.vcxproj]
      C:\Users\karol\Documents\GitHub\RME_v2\source\rendering\canvas\map_canvas.h(43,9):
      zobacz deklaracjƒô ‚Äûrme::canvas::MapCanvas‚Äù
  
C:\Users\karol\Documents\GitHub\RME_v2\source\gui.cpp(1215,63): error C2039: ‚ÄûGetCursorPosition‚Äù: nie jest sk≈ÇadowƒÖ elementu ‚Äûrme::canvas::MapCanvas‚Äù [C:\Users\karol\Documents\GitHub\RME_v2\build\rme.vcxproj]
      C:\Users\karol\Documents\GitHub\RME_v2\source\rendering\canvas\map_canvas.h(43,9):
      zobacz deklaracjƒô ‚Äûrme::canvas::MapCanvas‚Äù
  
C:\Users\karol\Documents\GitHub\RME_v2\source\gui.cpp(1215,14): error C2660: "CopyBuffer::paste": funkcja nie przyjmuje 1 argument√≥w [C:\Users\karol\Documents\GitHub\RME_v2\build\rme.vcxproj]
      C:\Users\karol\Documents\GitHub\RME_v2\source\copybuffer.h(36,7):
      zobacz deklaracjƒô ‚ÄûCopyBuffer::paste‚Äù
      C:\Users\karol\Documents\GitHub\RME_v2\source\gui.cpp(1215,14):
      podczas pr√≥by dopasowania listy argument√≥w "(Editor)"
  
C:\Users\karol\Documents\GitHub\RME_v2\source\rme_forward_declarations.h(35,8): warning C4099: "Position": nazwa typu najpierw widoczna przy u≈ºyciu "class" teraz widoczna przy u≈ºyciu "struct" [C:\Users\karol\Documents\GitHub\RME_v2\build\rme.vcxproj]
  (kompilowanie pliku ≈∫r√≥d≈Çowego ‚Äû../source/iomap.cpp‚Äù)
      C:\Users\karol\Documents\GitHub\RME_v2\source\position.h(28,7):
      zobacz deklaracjƒô ‚ÄûPosition‚Äù
  
C:\Users\karol\Documents\GitHub\RME_v2\source\rme_forward_declarations.h(35,8): warning C4099: "Position": nazwa typu najpierw widoczna przy u≈ºyciu "class" teraz widoczna przy u≈ºyciu "struct" [C:\Users\karol\Documents\GitHub\RME_v2\build\rme.vcxproj]
  (kompilowanie pliku ≈∫r√≥d≈Çowego ‚Äû../source/house.cpp‚Äù)
      C:\Users\karol\Documents\GitHub\RME_v2\source\position.h(28,7):
      zobacz deklaracjƒô ‚ÄûPosition‚Äù
  
C:\Users\karol\Documents\GitHub\RME_v2\source\rme_forward_declarations.h(35,8): warning C4099: "Position": nazwa typu najpierw widoczna przy u≈ºyciu "class" teraz widoczna przy u≈ºyciu "struct" [C:\Users\karol\Documents\GitHub\RME_v2\build\rme.vcxproj]
  (kompilowanie pliku ≈∫r√≥d≈Çowego ‚Äû../source/item_attributes.cpp‚Äù)
      C:\Users\karol\Documents\GitHub\RME_v2\source\position.h(28,7):
      zobacz deklaracjƒô ‚ÄûPosition‚Äù
  
C:\Users\karol\Documents\GitHub\RME_v2\source\rme_forward_declarations.h(35,8): warning C4099: "Position": nazwa typu najpierw widoczna przy u≈ºyciu "class" teraz widoczna przy u≈ºyciu "struct" [C:\Users\karol\Documents\GitHub\RME_v2\build\rme.vcxproj]
  (kompilowanie pliku ≈∫r√≥d≈Çowego ‚Äû../source/house_brush.cpp‚Äù)
      C:\Users\karol\Documents\GitHub\RME_v2\source\position.h(28,7):
      zobacz deklaracjƒô ‚ÄûPosition‚Äù
  
C:\Users\karol\Documents\GitHub\RME_v2\source\rme_forward_declarations.h(35,8): warning C4099: "Position": nazwa typu najpierw widoczna przy u≈ºyciu "class" teraz widoczna przy u≈ºyciu "struct" [C:\Users\karol\Documents\GitHub\RME_v2\build\rme.vcxproj]
  (kompilowanie pliku ≈∫r√≥d≈Çowego ‚Äû../source/iomap_otbm.cpp‚Äù)
      C:\Users\karol\Documents\GitHub\RME_v2\source\position.h(28,7):
      zobacz deklaracjƒô ‚ÄûPosition‚Äù
  
C:\Users\karol\Documents\GitHub\RME_v2\source\rme_forward_declarations.h(35,8): warning C4099: "Position": nazwa typu najpierw widoczna przy u≈ºyciu "class" teraz widoczna przy u≈ºyciu "struct" [C:\Users\karol\Documents\GitHub\RME_v2\build\rme.vcxproj]
  (kompilowanie pliku ≈∫r√≥d≈Çowego ‚Äû../source/house_exit_brush.cpp‚Äù)
      C:\Users\karol\Documents\GitHub\RME_v2\source\position.h(28,7):
      zobacz deklaracjƒô ‚ÄûPosition‚Äù
  
C:\Users\karol\Documents\GitHub\RME_v2\source\rme_forward_declarations.h(35,8): warning C4099: "Position": nazwa typu najpierw widoczna przy u≈ºyciu "class" teraz widoczna przy u≈ºyciu "struct" [C:\Users\karol\Documents\GitHub\RME_v2\build\rme.vcxproj]
  (kompilowanie pliku ≈∫r√≥d≈Çowego ‚Äû../source/items.cpp‚Äù)
      C:\Users\karol\Documents\GitHub\RME_v2\source\position.h(28,7):
      zobacz deklaracjƒô ‚ÄûPosition‚Äù
  
C:\Users\karol\Documents\GitHub\RME_v2\source\rme_forward_declarations.h(35,8): warning C4099: "Position": nazwa typu najpierw widoczna przy u≈ºyciu "class" teraz widoczna przy u≈ºyciu "struct" [C:\Users\karol\Documents\GitHub\RME_v2\build\rme.vcxproj]
  (kompilowanie pliku ≈∫r√≥d≈Çowego ‚Äû../source/item.cpp‚Äù)
      C:\Users\karol\Documents\GitHub\RME_v2\source\position.h(28,7):
      zobacz deklaracjƒô ‚ÄûPosition‚Äù
  
C:\Users\karol\Documents\GitHub\RME_v2\source\rme_forward_declarations.h(35,8): warning C4099: "Position": nazwa typu najpierw widoczna przy u≈ºyciu "class" teraz widoczna przy u≈ºyciu "struct" [C:\Users\karol\Documents\GitHub\RME_v2\build\rme.vcxproj]
  (kompilowanie pliku ≈∫r√≥d≈Çowego ‚Äû../source/rendering/renderers/item_renderer.cpp‚Äù)
      C:\Users\karol\Documents\GitHub\RME_v2\source\position.h(28,7):
      zobacz deklaracjƒô ‚ÄûPosition‚Äù
  
C:\Users\karol\Documents\GitHub\RME_v2\source\rendering\renderers\item_renderer.h(28,8): warning C4099: "Position": nazwa typu najpierw widoczna przy u≈ºyciu "class" teraz widoczna przy u≈ºyciu "struct" [C:\Users\karol\Documents\GitHub\RME_v2\build\rme.vcxproj]
  (kompilowanie pliku ≈∫r√≥d≈Çowego ‚Äû../source/rendering/renderers/item_renderer.cpp‚Äù)
      C:\Users\karol\Documents\GitHub\RME_v2\source\position.h(28,7):
      zobacz deklaracjƒô ‚ÄûPosition‚Äù
  
C:\Users\karol\Documents\GitHub\RME_v2\source\rme_forward_declarations.h(35,8): warning C4099: "Position": nazwa typu najpierw widoczna przy u≈ºyciu "class" teraz widoczna przy u≈ºyciu "struct" [C:\Users\karol\Documents\GitHub\RME_v2\build\rme.vcxproj]
  (kompilowanie pliku ≈∫r√≥d≈Çowego ‚Äû../source/rendering/renderers/tile_renderer.cpp‚Äù)
      C:\Users\karol\Documents\GitHub\RME_v2\source\position.h(28,7):
      zobacz deklaracjƒô ‚ÄûPosition‚Äù
  
C:\Users\karol\Documents\GitHub\RME_v2\source\rendering\renderers\tile_renderer.h(34,8): warning C4099: "Position": nazwa typu najpierw widoczna przy u≈ºyciu "class" teraz widoczna przy u≈ºyciu "struct" [C:\Users\karol\Documents\GitHub\RME_v2\build\rme.vcxproj]
  (kompilowanie pliku ≈∫r√≥d≈Çowego ‚Äû../source/rendering/renderers/tile_renderer.cpp‚Äù)
      C:\Users\karol\Documents\GitHub\RME_v2\source\position.h(28,7):
      zobacz deklaracjƒô ‚ÄûPosition‚Äù
  
C:\Users\karol\Documents\GitHub\RME_v2\source\rme_forward_declarations.h(35,8): warning C4099: "Position": nazwa typu najpierw widoczna przy u≈ºyciu "class" teraz widoczna przy u≈ºyciu "struct" [C:\Users\karol\Documents\GitHub\RME_v2\build\rme.vcxproj]
C:\Users\karol\Documents\GitHub\RME_v2\source\rme_forward_declarations.h(35,8): warning C4099: "Position": nazwa typu najpierw widoczna przy u≈ºyciu "class" teraz widoczna przy u≈ºyciu "struct" [C:\Users\karol\Documents\GitHub\RME_v2\build\rme.vcxproj]
  (kompilowanie pliku ≈∫r√≥d≈Çowego ‚Äû../source/rendering/texture/sprite_loader.cpp‚Äù)
      C:\Users\karol\Documents\GitHub\RME_v2\source\position.h(28,7):
      zobacz deklaracjƒô ‚ÄûPosition‚Äù
  
  (kompilowanie pliku ≈∫r√≥d≈Çowego ‚Äû../source/rendering/texture/texture_cache.cpp‚Äù)
      C:\Users\karol\Documents\GitHub\RME_v2\source\position.h(28,7):
      zobacz deklaracjƒô ‚ÄûPosition‚Äù
  
C:\Users\karol\Documents\GitHub\RME_v2\source\rendering\texture\animator.h(11,6): error C2011: "AnimationDirection'': "enum" wpisz ponownie definicjƒô [C:\Users\karol\Documents\GitHub\RME_v2\build\rme.vcxproj]
  (kompilowanie pliku ≈∫r√≥d≈Çowego ‚Äû../source/rendering/texture/sprite_loader.cpp‚Äù)
      C:\Users\karol\Documents\GitHub\RME_v2\source\rendering\graphics.h(37,6):
      zobacz deklaracjƒô ‚ÄûAnimationDirection‚Äù
  
C:\Users\karol\Documents\GitHub\RME_v2\source\rendering\texture\animator.h(16,8): error C2011: "FrameDuration'': "struct" wpisz ponownie definicjƒô [C:\Users\karol\Documents\GitHub\RME_v2\build\rme.vcxproj]
  (kompilowanie pliku ≈∫r√≥d≈Çowego ‚Äû../source/rendering/texture/sprite_loader.cpp‚Äù)
      C:\Users\karol\Documents\GitHub\RME_v2\source\rendering\graphics.h(219,8):
      zobacz deklaracjƒô ‚ÄûFrameDuration‚Äù
  
C:\Users\karol\Documents\GitHub\RME_v2\source\rendering\texture\animator.h(39,7): error C2011: "Animator'': "class" wpisz ponownie definicjƒô [C:\Users\karol\Documents\GitHub\RME_v2\build\rme.vcxproj]
  (kompilowanie pliku ≈∫r√≥d≈Çowego ‚Äû../source/rendering/texture/sprite_loader.cpp‚Äù)
      C:\Users\karol\Documents\GitHub\RME_v2\source\rendering\graphics.h(242,7):
      zobacz deklaracjƒô ‚ÄûAnimator‚Äù
  
C:\Users\karol\Documents\GitHub\RME_v2\source\rendering\texture\sprite_types.h(15,7): error C2011: "GameSprite'': "class" wpisz ponownie definicjƒô [C:\Users\karol\Documents\GitHub\RME_v2\build\rme.vcxproj]
  (kompilowanie pliku ≈∫r√≥d≈Çowego ‚Äû../source/rendering/texture/sprite_loader.cpp‚Äù)
      C:\Users\karol\Documents\GitHub\RME_v2\source\rendering\graphics.h(88,7):
      zobacz deklaracjƒô ‚ÄûGameSprite‚Äù
  
C:\Users\karol\Documents\GitHub\RME_v2\source\rme_forward_declarations.h(35,8): warning C4099: "Position": nazwa typu najpierw widoczna przy u≈ºyciu "class" teraz widoczna przy u≈ºyciu "struct" [C:\Users\karol\Documents\GitHub\RME_v2\build\rme.vcxproj]
  (kompilowanie pliku ≈∫r√≥d≈Çowego ‚Äû../source/rendering/light_drawer.cpp‚Äù)
      C:\Users\karol\Documents\GitHub\RME_v2\source\position.h(28,7):
      zobacz deklaracjƒô ‚ÄûPosition‚Äù
  
C:\Users\karol\Documents\GitHub\RME_v2\source\rme_forward_declarations.h(35,8): warning C4099: "Position": nazwa typu najpierw widoczna przy u≈ºyciu "class" teraz widoczna przy u≈ºyciu "struct" [C:\Users\karol\Documents\GitHub\RME_v2\build\rme.vcxproj]
  (kompilowanie pliku ≈∫r√≥d≈Çowego ‚Äû../source/rendering/texture/texture_manager.cpp‚Äù)
      C:\Users\karol\Documents\GitHub\RME_v2\source\position.h(28,7):
      zobacz deklaracjƒô ‚ÄûPosition‚Äù
  
C:\Users\karol\Documents\GitHub\RME_v2\source\rendering\renderers\tile_renderer.cpp(547,23): error C2027: wykorzystanie niezdefiniowanego przez u≈ºytkownika typu "rme::render::Editor" [C:\Users\karol\Documents\GitHub\RME_v2\build\rme.vcxproj]
      C:\Users\karol\Documents\GitHub\RME_v2\source\rendering\renderers\renderer_base.h(30,9):
      zobacz deklaracjƒô ‚Äûrme::render::Editor‚Äù
  
C:\Users\karol\Documents\GitHub\RME_v2\source\rendering\renderers\tile_renderer.cpp(563,60): error C2027: wykorzystanie niezdefiniowanego przez u≈ºytkownika typu "rme::render::Editor" [C:\Users\karol\Documents\GitHub\RME_v2\build\rme.vcxproj]
      C:\Users\karol\Documents\GitHub\RME_v2\source\rendering\renderers\renderer_base.h(30,9):
      zobacz deklaracjƒô ‚Äûrme::render::Editor‚Äù
  
C:\Users\karol\Documents\GitHub\RME_v2\source\rendering\texture\sprite_loader.cpp(101,40): error C2027: wykorzystanie niezdefiniowanego przez u≈ºytkownika typu "GameSprite" [C:\Users\karol\Documents\GitHub\RME_v2\build\rme.vcxproj]
      C:\Users\karol\Documents\GitHub\RME_v2\source\rendering\graphics.h(88,7):
      zobacz deklaracjƒô ‚ÄûGameSprite‚Äù
  
C:\Users\karol\Documents\GitHub\RME_v2\source\rendering\texture\sprite_loader.cpp(102,23): error C2440: "=": nie mo≈ºna konwertowaƒá z "GameSprite *" na "Sprite *" [C:\Users\karol\Documents\GitHub\RME_v2\build\rme.vcxproj]
      C:\Users\karol\Documents\GitHub\RME_v2\source\rendering\texture\sprite_loader.cpp(102,23):
      Ta konwersja wymaga, aby element ‚ÄûGameSprite‚Äù by≈Ç kompletnym typem klasy
  
C:\Users\karol\Documents\GitHub\RME_v2\source\rendering\texture\sprite_loader.cpp(103,5): error C2027: wykorzystanie niezdefiniowanego przez u≈ºytkownika typu "GameSprite" [C:\Users\karol\Documents\GitHub\RME_v2\build\rme.vcxproj]
      C:\Users\karol\Documents\GitHub\RME_v2\source\rendering\graphics.h(88,7):
      zobacz deklaracjƒô ‚ÄûGameSprite‚Äù
  
C:\Users\karol\Documents\GitHub\RME_v2\source\rendering\texture\sprite_loader.cpp(106,77): error C2027: wykorzystanie niezdefiniowanego przez u≈ºytkownika typu "GameSprite" [C:\Users\karol\Documents\GitHub\RME_v2\build\rme.vcxproj]
      C:\Users\karol\Documents\GitHub\RME_v2\source\rendering\graphics.h(88,7):
      zobacz deklaracjƒô ‚ÄûGameSprite‚Äù
  
C:\Users\karol\Documents\GitHub\RME_v2\source\rendering\texture\sprite_loader.cpp(119,19): error C2027: wykorzystanie niezdefiniowanego przez u≈ºytkownika typu "GameSprite" [C:\Users\karol\Documents\GitHub\RME_v2\build\rme.vcxproj]
      C:\Users\karol\Documents\GitHub\RME_v2\source\rendering\graphics.h(88,7):
      zobacz deklaracjƒô ‚ÄûGameSprite‚Äù
  
C:\Users\karol\Documents\GitHub\RME_v2\source\rendering\texture\sprite_loader.cpp(120,19): error C2027: wykorzystanie niezdefiniowanego przez u≈ºytkownika typu "GameSprite" [C:\Users\karol\Documents\GitHub\RME_v2\build\rme.vcxproj]
      C:\Users\karol\Documents\GitHub\RME_v2\source\rendering\graphics.h(88,7):
      zobacz deklaracjƒô ‚ÄûGameSprite‚Äù
  
C:\Users\karol\Documents\GitHub\RME_v2\source\rendering\texture\sprite_loader.cpp(122,11): error C2027: wykorzystanie niezdefiniowanego przez u≈ºytkownika typu "GameSprite" [C:\Users\karol\Documents\GitHub\RME_v2\build\rme.vcxproj]
      C:\Users\karol\Documents\GitHub\RME_v2\source\rendering\graphics.h(88,7):
      zobacz deklaracjƒô ‚ÄûGameSprite‚Äù
  
C:\Users\karol\Documents\GitHub\RME_v2\source\rendering\texture\sprite_loader.cpp(122,33): error C2027: wykorzystanie niezdefiniowanego przez u≈ºytkownika typu "GameSprite" [C:\Users\karol\Documents\GitHub\RME_v2\build\rme.vcxproj]
      C:\Users\karol\Documents\GitHub\RME_v2\source\rendering\graphics.h(88,7):
      zobacz deklaracjƒô ‚ÄûGameSprite‚Äù
  
C:\Users\karol\Documents\GitHub\RME_v2\source\rendering\texture\sprite_loader.cpp(126,17): error C2027: wykorzystanie niezdefiniowanego przez u≈ºytkownika typu "GameSprite" [C:\Users\karol\Documents\GitHub\RME_v2\build\rme.vcxproj]
      C:\Users\karol\Documents\GitHub\RME_v2\source\rendering\graphics.h(88,7):
      zobacz deklaracjƒô ‚ÄûGameSprite‚Äù
  
C:\Users\karol\Documents\GitHub\RME_v2\source\rendering\texture\sprite_loader.cpp(127,17): error C2027: wykorzystanie niezdefiniowanego przez u≈ºytkownika typu "GameSprite" [C:\Users\karol\Documents\GitHub\RME_v2\build\rme.vcxproj]
      C:\Users\karol\Documents\GitHub\RME_v2\source\rendering\graphics.h(88,7):
      zobacz deklaracjƒô ‚ÄûGameSprite‚Äù
  
C:\Users\karol\Documents\GitHub\RME_v2\source\rendering\texture\sprite_loader.cpp(128,17): error C2027: wykorzystanie niezdefiniowanego przez u≈ºytkownika typu "GameSprite" [C:\Users\karol\Documents\GitHub\RME_v2\build\rme.vcxproj]
      C:\Users\karol\Documents\GitHub\RME_v2\source\rendering\graphics.h(88,7):
      zobacz deklaracjƒô ‚ÄûGameSprite‚Äù
  
C:\Users\karol\Documents\GitHub\RME_v2\source\rendering\texture\sprite_loader.cpp(130,7): error C2027: wykorzystanie niezdefiniowanego przez u≈ºytkownika typu "GameSprite" [C:\Users\karol\Documents\GitHub\RME_v2\build\rme.vcxproj]
      C:\Users\karol\Documents\GitHub\RME_v2\source\rendering\graphics.h(88,7):
      zobacz deklaracjƒô ‚ÄûGameSprite‚Äù
  
C:\Users\karol\Documents\GitHub\RME_v2\source\rendering\texture\sprite_loader.cpp(132,18): error C2027: wykorzystanie niezdefiniowanego przez u≈ºytkownika typu "GameSprite" [C:\Users\karol\Documents\GitHub\RME_v2\build\rme.vcxproj]
      C:\Users\karol\Documents\GitHub\RME_v2\source\rendering\graphics.h(88,7):
      zobacz deklaracjƒô ‚ÄûGameSprite‚Äù
  
C:\Users\karol\Documents\GitHub\RME_v2\source\rendering\texture\sprite_loader.cpp(134,17): error C2027: wykorzystanie niezdefiniowanego przez u≈ºytkownika typu "GameSprite" [C:\Users\karol\Documents\GitHub\RME_v2\build\rme.vcxproj]
      C:\Users\karol\Documents\GitHub\RME_v2\source\rendering\graphics.h(88,7):
      zobacz deklaracjƒô ‚ÄûGameSprite‚Äù
  
C:\Users\karol\Documents\GitHub\RME_v2\source\rendering\texture\sprite_loader.cpp(136,10): error C2027: wykorzystanie niezdefiniowanego przez u≈ºytkownika typu "GameSprite" [C:\Users\karol\Documents\GitHub\RME_v2\build\rme.vcxproj]
      C:\Users\karol\Documents\GitHub\RME_v2\source\rendering\graphics.h(88,7):
      zobacz deklaracjƒô ‚ÄûGameSprite‚Äù
  
C:\Users\karol\Documents\GitHub\RME_v2\source\rendering\texture\sprite_loader.cpp(145,7): error C2027: wykorzystanie niezdefiniowanego przez u≈ºytkownika typu "GameSprite" [C:\Users\karol\Documents\GitHub\RME_v2\build\rme.vcxproj]
      C:\Users\karol\Documents\GitHub\RME_v2\source\rendering\graphics.h(88,7):
      zobacz deklaracjƒô ‚ÄûGameSprite‚Äù
  
C:\Users\karol\Documents\GitHub\RME_v2\source\rendering\texture\sprite_loader.cpp(145,39): error C2027: wykorzystanie niezdefiniowanego przez u≈ºytkownika typu "GameSprite" [C:\Users\karol\Documents\GitHub\RME_v2\build\rme.vcxproj]
      C:\Users\karol\Documents\GitHub\RME_v2\source\rendering\graphics.h(88,7):
      zobacz deklaracjƒô ‚ÄûGameSprite‚Äù
  
C:\Users\karol\Documents\GitHub\RME_v2\source\rendering\texture\sprite_loader.cpp(145,38): error C2027: wykorzystanie niezdefiniowanego przez u≈ºytkownika typu "Animator" [C:\Users\karol\Documents\GitHub\RME_v2\build\rme.vcxproj]
      C:\Users\karol\Documents\GitHub\RME_v2\source\rendering\graphics.h(242,7):
      zobacz deklaracjƒô ‚ÄûAnimator‚Äù
  
C:\Users\karol\Documents\GitHub\RME_v2\source\rendering\texture\sprite_loader.cpp(147,28): error C2027: wykorzystanie niezdefiniowanego przez u≈ºytkownika typu "GameSprite" [C:\Users\karol\Documents\GitHub\RME_v2\build\rme.vcxproj]
      C:\Users\karol\Documents\GitHub\RME_v2\source\rendering\graphics.h(88,7):
      zobacz deklaracjƒô ‚ÄûGameSprite‚Äù
  
C:\Users\karol\Documents\GitHub\RME_v2\source\rendering\texture\sprite_loader.cpp(151,41): error C2027: wykorzystanie niezdefiniowanego przez u≈ºytkownika typu "GameSprite" [C:\Users\karol\Documents\GitHub\RME_v2\build\rme.vcxproj]
      C:\Users\karol\Documents\GitHub\RME_v2\source\rendering\graphics.h(88,7):
      zobacz deklaracjƒô ‚ÄûGameSprite‚Äù
  
C:\Users\karol\Documents\GitHub\RME_v2\source\rendering\texture\sprite_loader.cpp(152,9): error C2027: wykorzystanie niezdefiniowanego przez u≈ºytkownika typu "FrameDuration" [C:\Users\karol\Documents\GitHub\RME_v2\build\rme.vcxproj]
      C:\Users\karol\Documents\GitHub\RME_v2\source\rendering\graphics.h(219,8):
      zobacz deklaracjƒô ‚ÄûFrameDuration‚Äù
  
C:\Users\karol\Documents\GitHub\RME_v2\source\rendering\texture\sprite_loader.cpp(154,8): error C2027: wykorzystanie niezdefiniowanego przez u≈ºytkownika typu "GameSprite" [C:\Users\karol\Documents\GitHub\RME_v2\build\rme.vcxproj]
      C:\Users\karol\Documents\GitHub\RME_v2\source\rendering\graphics.h(88,7):
      zobacz deklaracjƒô ‚ÄûGameSprite‚Äù
  
C:\Users\karol\Documents\GitHub\RME_v2\source\rendering\texture\sprite_loader.cpp(158,6): error C2027: wykorzystanie niezdefiniowanego przez u≈ºytkownika typu "GameSprite" [C:\Users\karol\Documents\GitHub\RME_v2\build\rme.vcxproj]
      C:\Users\karol\Documents\GitHub\RME_v2\source\rendering\graphics.h(88,7):
      zobacz deklaracjƒô ‚ÄûGameSprite‚Äù
  
C:\Users\karol\Documents\GitHub\RME_v2\source\rendering\texture\sprite_loader.cpp(158,31): error C2027: wykorzystanie niezdefiniowanego przez u≈ºytkownika typu "GameSprite" [C:\Users\karol\Documents\GitHub\RME_v2\build\rme.vcxproj]
      C:\Users\karol\Documents\GitHub\RME_v2\source\rendering\graphics.h(88,7):
      zobacz deklaracjƒô ‚ÄûGameSprite‚Äù
  
C:\Users\karol\Documents\GitHub\RME_v2\source\rendering\texture\sprite_loader.cpp(158,51): error C2027: wykorzystanie niezdefiniowanego przez u≈ºytkownika typu "GameSprite" [C:\Users\karol\Documents\GitHub\RME_v2\build\rme.vcxproj]
      C:\Users\karol\Documents\GitHub\RME_v2\source\rendering\graphics.h(88,7):
      zobacz deklaracjƒô ‚ÄûGameSprite‚Äù
  
C:\Users\karol\Documents\GitHub\RME_v2\source\rendering\texture\sprite_loader.cpp(158,72): error C2027: wykorzystanie niezdefiniowanego przez u≈ºytkownika typu "GameSprite" [C:\Users\karol\Documents\GitHub\RME_v2\build\rme.vcxproj]
      C:\Users\karol\Documents\GitHub\RME_v2\source\rendering\graphics.h(88,7):
      zobacz deklaracjƒô ‚ÄûGameSprite‚Äù
  
C:\Users\karol\Documents\GitHub\RME_v2\source\rendering\texture\sprite_loader.cpp(158,93): error C2027: wykorzystanie niezdefiniowanego przez u≈ºytkownika typu "GameSprite" [C:\Users\karol\Documents\GitHub\RME_v2\build\rme.vcxproj]
      C:\Users\karol\Documents\GitHub\RME_v2\source\rendering\graphics.h(88,7):
      zobacz deklaracjƒô ‚ÄûGameSprite‚Äù
  
C:\Users\karol\Documents\GitHub\RME_v2\source\rendering\texture\sprite_loader.cpp(158,117): error C2027: wykorzystanie niezdefiniowanego przez u≈ºytkownika typu "GameSprite" [C:\Users\karol\Documents\GitHub\RME_v2\build\rme.vcxproj]
      C:\Users\karol\Documents\GitHub\RME_v2\source\rendering\graphics.h(88,7):
      zobacz deklaracjƒô ‚ÄûGameSprite‚Äù
  
C:\Users\karol\Documents\GitHub\RME_v2\source\rendering\texture\sprite_loader.cpp(158,136): error C2027: wykorzystanie niezdefiniowanego przez u≈ºytkownika typu "GameSprite" [C:\Users\karol\Documents\GitHub\RME_v2\build\rme.vcxproj]
      C:\Users\karol\Documents\GitHub\RME_v2\source\rendering\graphics.h(88,7):
      zobacz deklaracjƒô ‚ÄûGameSprite‚Äù
  
C:\Users\karol\Documents\GitHub\RME_v2\source\rendering\texture\sprite_loader.cpp(158,160): error C2027: wykorzystanie niezdefiniowanego przez u≈ºytkownika typu "GameSprite" [C:\Users\karol\Documents\GitHub\RME_v2\build\rme.vcxproj]
      C:\Users\karol\Documents\GitHub\RME_v2\source\rendering\graphics.h(88,7):
      zobacz deklaracjƒô ‚ÄûGameSprite‚Äù
  
C:\Users\karol\Documents\GitHub\RME_v2\source\rendering\texture\sprite_loader.cpp(160,31): error C2027: wykorzystanie niezdefiniowanego przez u≈ºytkownika typu "GameSprite" [C:\Users\karol\Documents\GitHub\RME_v2\build\rme.vcxproj]
      C:\Users\karol\Documents\GitHub\RME_v2\source\rendering\graphics.h(88,7):
      zobacz deklaracjƒô ‚ÄûGameSprite‚Äù
  
C:\Users\karol\Documents\GitHub\RME_v2\source\rendering\texture\sprite_loader.cpp(171,20): error C2027: wykorzystanie niezdefiniowanego przez u≈ºytkownika typu "GameSprite" [C:\Users\karol\Documents\GitHub\RME_v2\build\rme.vcxproj]
      C:\Users\karol\Documents\GitHub\RME_v2\source\rendering\graphics.h(88,7):
      zobacz deklaracjƒô ‚ÄûGameSprite‚Äù
  
C:\Users\karol\Documents\GitHub\RME_v2\source\rendering\texture\sprite_loader.cpp(171,20): error C2065: "NormalImage": niezadeklarowany identyfikator [C:\Users\karol\Documents\GitHub\RME_v2\build\rme.vcxproj]
C:\Users\karol\Documents\GitHub\RME_v2\source\rendering\texture\sprite_loader.cpp(171,33): error C2065: "img": niezadeklarowany identyfikator [C:\Users\karol\Documents\GitHub\RME_v2\build\rme.vcxproj]
C:\Users\karol\Documents\GitHub\RME_v2\source\rendering\texture\sprite_loader.cpp(171,56): error C2027: wykorzystanie niezdefiniowanego przez u≈ºytkownika typu "GameSprite" [C:\Users\karol\Documents\GitHub\RME_v2\build\rme.vcxproj]
      C:\Users\karol\Documents\GitHub\RME_v2\source\rendering\graphics.h(88,7):
      zobacz deklaracjƒô ‚ÄûGameSprite‚Äù
  
C:\Users\karol\Documents\GitHub\RME_v2\source\rendering\texture\sprite_loader.cpp(171,56): error C2061: b≈ÇƒÖd sk≈Çadniowy: identyfikator ‚ÄûNormalImage‚Äù [C:\Users\karol\Documents\GitHub\RME_v2\build\rme.vcxproj]
C:\Users\karol\Documents\GitHub\RME_v2\source\rendering\texture\sprite_loader.cpp(172,8): error C2065: "img": niezadeklarowany identyfikator [C:\Users\karol\Documents\GitHub\RME_v2\build\rme.vcxproj]
C:\Users\karol\Documents\GitHub\RME_v2\source\rendering\texture\sprite_loader.cpp(173,32): error C2065: "img": niezadeklarowany identyfikator [C:\Users\karol\Documents\GitHub\RME_v2\build\rme.vcxproj]
C:\Users\karol\Documents\GitHub\RME_v2\source\rendering\texture\sprite_loader.cpp(175,7): error C2027: wykorzystanie niezdefiniowanego przez u≈ºytkownika typu "GameSprite" [C:\Users\karol\Documents\GitHub\RME_v2\build\rme.vcxproj]
      C:\Users\karol\Documents\GitHub\RME_v2\source\rendering\graphics.h(88,7):
      zobacz deklaracjƒô ‚ÄûGameSprite‚Äù
  
C:\Users\karol\Documents\GitHub\RME_v2\source\rendering\texture\sprite_loader.cpp(175,59): error C2027: wykorzystanie niezdefiniowanego przez u≈ºytkownika typu "GameSprite" [C:\Users\karol\Documents\GitHub\RME_v2\build\rme.vcxproj]
      C:\Users\karol\Documents\GitHub\RME_v2\source\rendering\graphics.h(88,7):
      zobacz deklaracjƒô ‚ÄûGameSprite‚Äù
  
C:\Users\karol\Documents\GitHub\RME_v2\source\rendering\texture\sprite_loader.cpp(175,59): error C2061: b≈ÇƒÖd sk≈Çadniowy: identyfikator ‚ÄûNormalImage‚Äù [C:\Users\karol\Documents\GitHub\RME_v2\build\rme.vcxproj]
C:\Users\karol\Documents\GitHub\RME_v2\source\rendering\texture\sprite_loader.cpp(294,7): error C2027: wykorzystanie niezdefiniowanego przez u≈ºytkownika typu "GameSprite" [C:\Users\karol\Documents\GitHub\RME_v2\build\rme.vcxproj]
      C:\Users\karol\Documents\GitHub\RME_v2\source\rendering\graphics.h(88,7):
      zobacz deklaracjƒô ‚ÄûGameSprite‚Äù
  
C:\Users\karol\Documents\GitHub\RME_v2\source\rendering\texture\sprite_loader.cpp(295,7): error C2027: wykorzystanie niezdefiniowanego przez u≈ºytkownika typu "GameSprite" [C:\Users\karol\Documents\GitHub\RME_v2\build\rme.vcxproj]
      C:\Users\karol\Documents\GitHub\RME_v2\source\rendering\graphics.h(88,7):
      zobacz deklaracjƒô ‚ÄûGameSprite‚Äù
  
C:\Users\karol\Documents\GitHub\RME_v2\source\rendering\texture\sprite_loader.cpp(304,8): error C2027: wykorzystanie niezdefiniowanego przez u≈ºytkownika typu "GameSprite" [C:\Users\karol\Documents\GitHub\RME_v2\build\rme.vcxproj]
      C:\Users\karol\Documents\GitHub\RME_v2\source\rendering\graphics.h(88,7):
      zobacz deklaracjƒô ‚ÄûGameSprite‚Äù
  
C:\Users\karol\Documents\GitHub\RME_v2\source\rendering\texture\sprite_loader.cpp(305,8): error C2027: wykorzystanie niezdefiniowanego przez u≈ºytkownika typu "GameSprite" [C:\Users\karol\Documents\GitHub\RME_v2\build\rme.vcxproj]
      C:\Users\karol\Documents\GitHub\RME_v2\source\rendering\graphics.h(88,7):
      zobacz deklaracjƒô ‚ÄûGameSprite‚Äù
  
C:\Users\karol\Documents\GitHub\RME_v2\source\rendering\texture\sprite_loader.cpp(307,8): error C2027: wykorzystanie niezdefiniowanego przez u≈ºytkownika typu "GameSprite" [C:\Users\karol\Documents\GitHub\RME_v2\build\rme.vcxproj]
      C:\Users\karol\Documents\GitHub\RME_v2\source\rendering\graphics.h(88,7):
      zobacz deklaracjƒô ‚ÄûGameSprite‚Äù
  
C:\Users\karol\Documents\GitHub\RME_v2\source\rendering\texture\sprite_loader.cpp(308,8): error C2027: wykorzystanie niezdefiniowanego przez u≈ºytkownika typu "GameSprite" [C:\Users\karol\Documents\GitHub\RME_v2\build\rme.vcxproj]
      C:\Users\karol\Documents\GitHub\RME_v2\source\rendering\graphics.h(88,7):
      zobacz deklaracjƒô ‚ÄûGameSprite‚Äù
  
C:\Users\karol\Documents\GitHub\RME_v2\source\rendering\texture\sprite_loader.cpp(316,7): error C2027: wykorzystanie niezdefiniowanego przez u≈ºytkownika typu "GameSprite" [C:\Users\karol\Documents\GitHub\RME_v2\build\rme.vcxproj]
      C:\Users\karol\Documents\GitHub\RME_v2\source\rendering\graphics.h(88,7):
      zobacz deklaracjƒô ‚ÄûGameSprite‚Äù
  
C:\Users\karol\Documents\GitHub\RME_v2\source\rendering\texture\sprite_loader.cpp(323,7): error C2027: wykorzystanie niezdefiniowanego przez u≈ºytkownika typu "GameSprite" [C:\Users\karol\Documents\GitHub\RME_v2\build\rme.vcxproj]
      C:\Users\karol\Documents\GitHub\RME_v2\source\rendering\graphics.h(88,7):
      zobacz deklaracjƒô ‚ÄûGameSprite‚Äù
  
C:\Users\karol\Documents\GitHub\RME_v2\source\rendering\texture\sprite_loader.cpp(369,21): error C2027: wykorzystanie niezdefiniowanego przez u≈ºytkownika typu "GameSprite" [C:\Users\karol\Documents\GitHub\RME_v2\build\rme.vcxproj]
      C:\Users\karol\Documents\GitHub\RME_v2\source\rendering\graphics.h(88,7):
      zobacz deklaracjƒô ‚ÄûGameSprite‚Äù
  
C:\Users\karol\Documents\GitHub\RME_v2\source\rendering\texture\sprite_loader.cpp(369,21): error C2065: "NormalImage": niezadeklarowany identyfikator [C:\Users\karol\Documents\GitHub\RME_v2\build\rme.vcxproj]
C:\Users\karol\Documents\GitHub\RME_v2\source\rendering\texture\sprite_loader.cpp(369,34): error C2065: "img": niezadeklarowany identyfikator [C:\Users\karol\Documents\GitHub\RME_v2\build\rme.vcxproj]
C:\Users\karol\Documents\GitHub\RME_v2\source\rendering\texture\sprite_loader.cpp(369,66): error C2027: wykorzystanie niezdefiniowanego przez u≈ºytkownika typu "GameSprite" [C:\Users\karol\Documents\GitHub\RME_v2\build\rme.vcxproj]
      C:\Users\karol\Documents\GitHub\RME_v2\source\rendering\graphics.h(88,7):
      zobacz deklaracjƒô ‚ÄûGameSprite‚Äù
  
C:\Users\karol\Documents\GitHub\RME_v2\source\rendering\texture\sprite_loader.cpp(369,66): error C2061: b≈ÇƒÖd sk≈Çadniowy: identyfikator ‚ÄûNormalImage‚Äù [C:\Users\karol\Documents\GitHub\RME_v2\build\rme.vcxproj]
C:\Users\karol\Documents\GitHub\RME_v2\source\rendering\texture\sprite_loader.cpp(370,27): error C2065: "img": niezadeklarowany identyfikator [C:\Users\karol\Documents\GitHub\RME_v2\build\rme.vcxproj]
C:\Users\karol\Documents\GitHub\RME_v2\source\rendering\texture\sprite_loader.cpp(370,38): error C2065: "img": niezadeklarowany identyfikator [C:\Users\karol\Documents\GitHub\RME_v2\build\rme.vcxproj]
C:\Users\karol\Documents\GitHub\RME_v2\source\rendering\texture\sprite_loader.cpp(370,49): error C2065: "img": niezadeklarowany identyfikator [C:\Users\karol\Documents\GitHub\RME_v2\build\rme.vcxproj]
C:\Users\karol\Documents\GitHub\RME_v2\source\rendering\texture\sprite_loader.cpp(370,12): error C2660: "rme::render::SpriteLoader::loadSpriteDump": funkcja nie przyjmuje 1 argument√≥w [C:\Users\karol\Documents\GitHub\RME_v2\build\rme.vcxproj]
      C:\Users\karol\Documents\GitHub\RME_v2\source\rendering\texture\sprite_loader.h(107,9):
      zobacz deklaracjƒô ‚Äûrme::render::SpriteLoader::loadSpriteDump‚Äù
      C:\Users\karol\Documents\GitHub\RME_v2\source\rendering\texture\sprite_loader.cpp(370,12):
      podczas pr√≥by dopasowania listy argument√≥w "()"
  
ERROR: Build failed 
