ninja: Entering directory `build_conan/build/Release'
[1/209] Building CXX object CMakeFiles/rme.dir/source/map/basemap.cpp.o
In file included from /app/source/map/basemap.cpp:21:
/app/source/map/basemap.h: In copy constructor ‘MapIterator::MapIterator(const MapIterator&)’:
/app/source/map/basemap.h:74:18: warning: ‘MapIterator::map’ will be initialized after [-Wreorder]
   74 |         BaseMap* map;
      |                  ^~~
/app/source/map/basemap.h:73:23: warning:   ‘TileLocation* MapIterator::current_tile’ [-Wreorder]
   73 |         TileLocation* current_tile;
      |                       ^~~~~~~~~~~~
/app/source/map/basemap.cpp:153:1: warning:   when initialized here [-Wreorder]
  153 | MapIterator::MapIterator(const MapIterator& other) :
      | ^~~~~~~~~~~
[2/209] Building CXX object CMakeFiles/rme.dir/source/map/map_region.cpp.o
[3/209] Building CXX object CMakeFiles/rme.dir/source/map/operations/map_processor.cpp.o
[4/209] Building CXX object CMakeFiles/rme.dir/source/live/live_tab.cpp.o
[5/209] Building CXX object CMakeFiles/rme.dir/source/map/map_search.cpp.o
[6/209] Building CXX object CMakeFiles/rme.dir/source/map/tile.cpp.o
[7/209] Building CXX object CMakeFiles/rme.dir/source/map/map_statistics.cpp.o
[8/209] Building CXX object CMakeFiles/rme.dir/source/map/map.cpp.o
/app/source/map/map.cpp:113:9: warning: "/*" within comment [-Wcomment]
  113 |         /* Legacy conversion logic removed */
      |
[9/209] Building CXX object CMakeFiles/rme.dir/source/mkpch.cpp.o
[10/209] Building CXX object CMakeFiles/rme.dir/source/map/tile_operations.cpp.o
[11/209] Building CXX object CMakeFiles/rme.dir/source/map/tileset.cpp.o
[12/209] Building CXX object CMakeFiles/rme.dir/source/palette/palette_brushlist.cpp.o
[13/209] Building CXX object CMakeFiles/rme.dir/source/net/process_com.cpp.o
[14/209] Building CXX object CMakeFiles/rme.dir/source/palette/palette_common.cpp.o
[15/209] Building CXX object CMakeFiles/rme.dir/source/net/net_connection.cpp.o
[16/209] Building CXX object CMakeFiles/rme.dir/source/palette/palette_creature.cpp.o
[17/209] Building CXX object CMakeFiles/rme.dir/source/palette/palette_waypoints.cpp.o
[18/209] Building CXX object CMakeFiles/rme.dir/source/palette/palette_window.cpp.o
/app/source/palette/palette_window.cpp: In member function ‘virtual bool PaletteWindow::OnSelectBrush(const Brush*, PaletteType)’:
/app/source/palette/palette_window.cpp:273:25: warning: this statement may fall through [-Wimplicit-fallthrough=]
  273 |                         if (collection_palette && collection_palette->SelectBrush(whatbrush)) {
      |                         ^~
/app/source/palette/palette_window.cpp:278:17: note: here
  278 |                 case TILESET_ITEM: {
      |                 ^~~~
[19/209] Building CXX object CMakeFiles/rme.dir/source/palette/house/house_palette.cpp.o
[20/209] Building CXX object CMakeFiles/rme.dir/source/palette/controls/virtual_brush_grid.cpp.o
[21/209] Building CXX object CMakeFiles/rme.dir/source/rendering/core/coordinate_mapper.cpp.o
[22/209] Building CXX object CMakeFiles/rme.dir/source/palette/house/edit_house_dialog.cpp.o
[23/209] Building CXX object CMakeFiles/rme.dir/source/palette/panels/brush_palette_panel.cpp.o
[24/209] Building CXX object CMakeFiles/rme.dir/source/palette/panels/brush_panel.cpp.o
[25/209] Building CXX object CMakeFiles/rme.dir/source/rendering/core/animator.cpp.o
[26/209] Building CXX object CMakeFiles/rme.dir/source/rendering/core/editor_sprite.cpp.o
[27/209] Building CXX object CMakeFiles/rme.dir/source/rendering/core/light_buffer.cpp.o
[28/209] Building CXX object CMakeFiles/rme.dir/source/rendering/core/atlas_manager.cpp.o
[29/209] Building CXX object CMakeFiles/rme.dir/source/rendering/core/drawing_options.cpp.o
[30/209] Building CXX object CMakeFiles/rme.dir/source/rendering/core/outfit_colors.cpp.o
[31/209] Building CXX object CMakeFiles/rme.dir/source/rendering/core/game_sprite.cpp.o
/app/source/rendering/core/game_sprite.cpp: In member function ‘uint32_t GameSprite::getSpriteId(int, int, int) const’:
/app/source/rendering/core/game_sprite.cpp:139:17: warning: comparison of unsigned expression in ‘>= 0’ is always true [-Wtype-limits]
  139 |         if (idx >= 0 && static_cast<size_t>(idx) < spriteList.size() && spriteList[idx]->isNormalImage()) {
      |             ~~~~^~~~
In file included from /app/source/rendering/core/game_sprite.cpp:6:
/app/source/rendering/core/game_sprite.h: In constructor ‘GameSprite::TemplateImage::TemplateImage(GameSprite*, int, const Outfit&)’:
/app/source/rendering/core/game_sprite.h:190:25: warning: ‘GameSprite::TemplateImage::lookFeet’ will be initialized after [-Wreorder]
  190 |                 uint8_t lookFeet;
      |                         ^~~~~~~~
/app/source/rendering/core/game_sprite.h:182:36: warning:   ‘const AtlasRegion* GameSprite::TemplateImage::atlas_region’ [-Wreorder]
  182 |                 const AtlasRegion* atlas_region;
      |                                    ^~~~~~~~~~~~
/app/source/rendering/core/game_sprite.cpp:713:1: warning:   when initialized here [-Wreorder]
  713 | GameSprite::TemplateImage::TemplateImage(GameSprite* parent, int v, const Outfit& outfit) :
      | ^~~~~~~~~~
In file included from /usr/include/c++/13/string:51,
                 from /usr/include/c++/13/bits/locale_classes.h:40,
                 from /usr/include/c++/13/bits/ios_base.h:41,
                 from /usr/include/c++/13/streambuf:43,
                 from /usr/include/c++/13/bits/streambuf_iterator.h:35,
                 from /usr/include/c++/13/iterator:66,
                 from /usr/include/boost/iterator/iterator_traits.hpp:10,
                 from /usr/include/boost/range/iterator_range_core.hpp:26,
                 from /usr/include/boost/range/iterator_range.hpp:13,
                 from /usr/include/boost/range/adaptor/reversed.hpp:14,
                 from /app/source/app/main.h:53,
                 from /app/source/rendering/core/game_sprite.cpp:5:
In static member function ‘static constexpr _Up* std::__copy_move<_IsMove, true, std::random_access_iterator_tag>::__copy_m(_Tp*, _Tp*, _Up*) [with _Tp = unsigned int; _Up = unsigned int; bool _IsMove = false]’,
    inlined from ‘constexpr _OI std::__copy_move_a2(_II, _II, _OI) [with bool _IsMove = false; _II = unsigned int*; _OI = unsigned int*]’ at /usr/include/c++/13/bits/stl_algobase.h:506:30,
    inlined from ‘constexpr _OI std::__copy_move_a1(_II, _II, _OI) [with bool _IsMove = false; _II = unsigned int*; _OI = unsigned int*]’ at /usr/include/c++/13/bits/stl_algobase.h:533:42,
    inlined from ‘constexpr _OI std::__copy_move_a(_II, _II, _OI) [with bool _IsMove = false; _II = unsigned int*; _OI = unsigned int*]’ at /usr/include/c++/13/bits/stl_algobase.h:540:31,
    inlined from ‘constexpr _OI std::copy(_II, _II, _OI) [with _II = unsigned int*; _OI = unsigned int*]’ at /usr/include/c++/13/bits/stl_algobase.h:633:7,
    inlined from ‘static _ForwardIterator std::__uninitialized_copy<true>::__uninit_copy(_InputIterator, _InputIterator, _ForwardIterator) [with _InputIterator = unsigned int*; _ForwardIterator = unsigned int*]’ at /usr/include/c++/13/bits/stl_uninitialized.h:147:27,
    inlined from ‘_ForwardIterator std::uninitialized_copy(_InputIterator, _InputIterator, _ForwardIterator) [with _InputIterator = unsigned int*; _ForwardIterator = unsigned int*]’ at /usr/include/c++/13/bits/stl_uninitialized.h:185:15,
    inlined from ‘constexpr void fmt::v9::basic_memory_buffer<T, SIZE, Allocator>::grow(size_t) [with T = unsigned int; long unsigned int SIZE = 32; Allocator = std::allocator<unsigned int>]’ at /usr/include/fmt/format.h:925:26,
    inlined from ‘constexpr void fmt::v9::detail::buffer<T>::try_reserve(size_t) [with T = unsigned int]’ at /usr/include/fmt/core.h:928:39,
    inlined from ‘constexpr void fmt::v9::detail::buffer<T>::try_resize(size_t) [with T = unsigned int]’ at /usr/include/fmt/core.h:919:16,
    inlined from ‘constexpr void fmt::v9::basic_memory_buffer<T, SIZE, Allocator>::resize(size_t) [with T = unsigned int; long unsigned int SIZE = 32; Allocator = std::allocator<unsigned int>]’ at /usr/include/fmt/format.h:897:63,
    inlined from ‘constexpr void fmt::v9::detail::bigint::assign(UInt) [with UInt = long unsigned int; typename std::enable_if<(std::is_same<UInt, long unsigned int>::value || std::is_same<UInt, __int128 unsigned>::value), int>::type <anonymous> = 0]’ at /usr/include/fmt/format.h:2792:19,
    inlined from ‘constexpr void fmt::v9::detail::bigint::operator=(Int) [with Int = int]’ at /usr/include/fmt/format.h:2813:11,
    inlined from ‘constexpr void fmt::v9::detail::format_dragon(basic_fp<__int128 unsigned>, unsigned int, int, buffer<char>&, int&)’ at /usr/include/fmt/format.h:2990:19:
/usr/include/c++/13/bits/stl_algobase.h:437:30: warning: ‘void* __builtin_memmove(void*, const void*, long unsigned int)’ forming offset 4 is out of the bounds [0, 4] [-Warray-bounds=]
  437 |             __builtin_memmove(__result, __first, sizeof(_Tp) * _Num);
      |             ~~~~~~~~~~~~~~~~~^~~~~~~~~~~~~~~~~~~~~~~~~~~~~~~~~~~~~~~
In static member function ‘static constexpr _Up* std::__copy_move<_IsMove, true, std::random_access_iterator_tag>::__copy_m(_Tp*, _Tp*, _Up*) [with _Tp = unsigned int; _Up = unsigned int; bool _IsMove = false]’,
    inlined from ‘constexpr _OI std::__copy_move_a2(_II, _II, _OI) [with bool _IsMove = false; _II = unsigned int*; _OI = unsigned int*]’ at /usr/include/c++/13/bits/stl_algobase.h:506:30,
    inlined from ‘constexpr _OI std::__copy_move_a1(_II, _II, _OI) [with bool _IsMove = false; _II = unsigned int*; _OI = unsigned int*]’ at /usr/include/c++/13/bits/stl_algobase.h:533:42,
    inlined from ‘constexpr _OI std::__copy_move_a(_II, _II, _OI) [with bool _IsMove = false; _II = unsigned int*; _OI = unsigned int*]’ at /usr/include/c++/13/bits/stl_algobase.h:540:31,
    inlined from ‘constexpr _OI std::copy(_II, _II, _OI) [with _II = unsigned int*; _OI = unsigned int*]’ at /usr/include/c++/13/bits/stl_algobase.h:633:7,
    inlined from ‘static _ForwardIterator std::__uninitialized_copy<true>::__uninit_copy(_InputIterator, _InputIterator, _ForwardIterator) [with _InputIterator = unsigned int*; _ForwardIterator = unsigned int*]’ at /usr/include/c++/13/bits/stl_uninitialized.h:147:27,
    inlined from ‘_ForwardIterator std::uninitialized_copy(_InputIterator, _InputIterator, _ForwardIterator) [with _InputIterator = unsigned int*; _ForwardIterator = unsigned int*]’ at /usr/include/c++/13/bits/stl_uninitialized.h:185:15,
    inlined from ‘constexpr void fmt::v9::basic_memory_buffer<T, SIZE, Allocator>::grow(size_t) [with T = unsigned int; long unsigned int SIZE = 32; Allocator = std::allocator<unsigned int>]’ at /usr/include/fmt/format.h:925:26,
    inlined from ‘constexpr void fmt::v9::detail::buffer<T>::try_reserve(size_t) [with T = unsigned int]’ at /usr/include/fmt/core.h:928:39,
    inlined from ‘constexpr void fmt::v9::detail::buffer<T>::try_resize(size_t) [with T = unsigned int]’ at /usr/include/fmt/core.h:919:16,
    inlined from ‘constexpr void fmt::v9::basic_memory_buffer<T, SIZE, Allocator>::resize(size_t) [with T = unsigned int; long unsigned int SIZE = 32; Allocator = std::allocator<unsigned int>]’ at /usr/include/fmt/format.h:897:63,
    inlined from ‘constexpr void fmt::v9::detail::bigint::assign(UInt) [with UInt = long unsigned int; typename std::enable_if<(std::is_same<UInt, long unsigned int>::value || std::is_same<UInt, __int128 unsigned>::value), int>::type <anonymous> = 0]’ at /usr/include/fmt/format.h:2792:19,
    inlined from ‘constexpr void fmt::v9::detail::bigint::operator=(Int) [with Int = int]’ at /usr/include/fmt/format.h:2813:11,
    inlined from ‘constexpr void fmt::v9::detail::format_dragon(basic_fp<__int128 unsigned>, unsigned int, int, buffer<char>&, int&)’ at /usr/include/fmt/format.h:3006:17:
/usr/include/c++/13/bits/stl_algobase.h:437:30: warning: ‘void* __builtin_memmove(void*, const void*, long unsigned int)’ forming offset 4 is out of the bounds [0, 4] [-Warray-bounds=]
  437 |             __builtin_memmove(__result, __first, sizeof(_Tp) * _Num);
      |             ~~~~~~~~~~~~~~~~~^~~~~~~~~~~~~~~~~~~~~~~~~~~~~~~~~~~~~~~
In static member function ‘static constexpr _Up* std::__copy_move<_IsMove, true, std::random_access_iterator_tag>::__copy_m(_Tp*, _Tp*, _Up*) [with _Tp = unsigned int; _Up = unsigned int; bool _IsMove = false]’,
    inlined from ‘constexpr _OI std::__copy_move_a2(_II, _II, _OI) [with bool _IsMove = false; _II = unsigned int*; _OI = unsigned int*]’ at /usr/include/c++/13/bits/stl_algobase.h:506:30,
    inlined from ‘constexpr _OI std::__copy_move_a1(_II, _II, _OI) [with bool _IsMove = false; _II = unsigned int*; _OI = unsigned int*]’ at /usr/include/c++/13/bits/stl_algobase.h:533:42,
    inlined from ‘constexpr _OI std::__copy_move_a(_II, _II, _OI) [with bool _IsMove = false; _II = unsigned int*; _OI = unsigned int*]’ at /usr/include/c++/13/bits/stl_algobase.h:540:31,
    inlined from ‘constexpr _OI std::copy(_II, _II, _OI) [with _II = unsigned int*; _OI = unsigned int*]’ at /usr/include/c++/13/bits/stl_algobase.h:633:7,
    inlined from ‘static _ForwardIterator std::__uninitialized_copy<true>::__uninit_copy(_InputIterator, _InputIterator, _ForwardIterator) [with _InputIterator = unsigned int*; _ForwardIterator = unsigned int*]’ at /usr/include/c++/13/bits/stl_uninitialized.h:147:27,
    inlined from ‘_ForwardIterator std::uninitialized_copy(_InputIterator, _InputIterator, _ForwardIterator) [with _InputIterator = unsigned int*; _ForwardIterator = unsigned int*]’ at /usr/include/c++/13/bits/stl_uninitialized.h:185:15,
    inlined from ‘constexpr void fmt::v9::basic_memory_buffer<T, SIZE, Allocator>::grow(size_t) [with T = unsigned int; long unsigned int SIZE = 32; Allocator = std::allocator<unsigned int>]’ at /usr/include/fmt/format.h:925:26,
    inlined from ‘constexpr void fmt::v9::detail::buffer<T>::try_reserve(size_t) [with T = unsigned int]’ at /usr/include/fmt/core.h:928:39,
    inlined from ‘constexpr void fmt::v9::detail::buffer<T>::try_resize(size_t) [with T = unsigned int]’ at /usr/include/fmt/core.h:919:16,
    inlined from ‘constexpr void fmt::v9::basic_memory_buffer<T, SIZE, Allocator>::resize(size_t) [with T = unsigned int; long unsigned int SIZE = 32; Allocator = std::allocator<unsigned int>]’ at /usr/include/fmt/format.h:897:63,
    inlined from ‘constexpr void fmt::v9::detail::bigint::assign(UInt) [with UInt = long unsigned int; typename std::enable_if<(std::is_same<UInt, long unsigned int>::value || std::is_same<UInt, __int128 unsigned>::value), int>::type <anonymous> = 0]’ at /usr/include/fmt/format.h:2792:19,
    inlined from ‘constexpr void fmt::v9::detail::bigint::operator=(Int) [with Int = int]’ at /usr/include/fmt/format.h:2813:11,
    inlined from ‘constexpr void fmt::v9::detail::bigint::assign_pow10(int)’ at /usr/include/fmt/format.h:2893:11,
    inlined from ‘constexpr void fmt::v9::detail::bigint::assign_pow10(int)’ at /usr/include/fmt/format.h:2884:24,
    inlined from ‘constexpr void fmt::v9::detail::format_dragon(basic_fp<__int128 unsigned>, unsigned int, int, buffer<char>&, int&)’ at /usr/include/fmt/format.h:3011:29:
/usr/include/c++/13/bits/stl_algobase.h:437:30: warning: ‘void* __builtin_memmove(void*, const void*, long unsigned int)’ forming offset 4 is out of the bounds [0, 4] [-Warray-bounds=]
  437 |             __builtin_memmove(__result, __first, sizeof(_Tp) * _Num);
      |             ~~~~~~~~~~~~~~~~~^~~~~~~~~~~~~~~~~~~~~~~~~~~~~~~~~~~~~~~
[32/209] Building CXX object CMakeFiles/rme.dir/source/rendering/core/graphics.cpp.o
[33/209] Building CXX object CMakeFiles/rme.dir/source/rendering/core/outfit_colorizer.cpp.o
[34/209] Building CXX object CMakeFiles/rme.dir/source/rendering/core/sprite_preloader.cpp.o
[35/209] Building CXX object CMakeFiles/rme.dir/source/rendering/core/multi_draw_indirect_renderer.cpp.o
[36/209] Building CXX object CMakeFiles/rme.dir/source/rendering/core/pixel_buffer_object.cpp.o
In file included from /app/source/rendering/core/pixel_buffer_object.cpp:1:
/app/source/rendering/core/pixel_buffer_object.h: In constructor ‘PixelBufferObject::PixelBufferObject(PixelBufferObject&&)’:
/app/source/rendering/core/pixel_buffer_object.h:81:13: warning: ‘PixelBufferObject::current_index_’ will be initialized after [-Wreorder]
   81 |         int current_index_ = 0;
      |             ^~~~~~~~~~~~~~
/app/source/rendering/core/pixel_buffer_object.h:80:16: warning:   ‘size_t PixelBufferObject::size_’ [-Wreorder]
   80 |         size_t size_ = 0;
      |                ^~~~~
/app/source/rendering/core/pixel_buffer_object.cpp:11:1: warning:   when initialized here [-Wreorder]
   11 | PixelBufferObject::PixelBufferObject(PixelBufferObject&& other) noexcept
      | ^~~~~~~~~~~~~~~~~
[37/209] Building CXX object CMakeFiles/rme.dir/source/rendering/core/render_timer.cpp.o
[38/209] Building CXX object CMakeFiles/rme.dir/source/rendering/core/shared_geometry.cpp.o
[39/209] Building CXX object CMakeFiles/rme.dir/source/rendering/core/primitive_renderer.cpp.o
[40/209] Building CXX object CMakeFiles/rme.dir/source/rendering/core/ring_buffer.cpp.o
[41/209] Building CXX object CMakeFiles/rme.dir/source/rendering/core/render_view.cpp.o
[42/209] Building CXX object CMakeFiles/rme.dir/source/rendering/core/shader_program.cpp.o
[43/209] Building CXX object CMakeFiles/rme.dir/source/rendering/core/sprite_batch.cpp.o
[44/209] Building CXX object CMakeFiles/rme.dir/source/rendering/core/text_renderer.cpp.o
[45/209] Building CXX object CMakeFiles/rme.dir/source/rendering/core/texture_garbage_collector.cpp.o
[46/209] Building CXX object CMakeFiles/rme.dir/source/rendering/core/texture_array.cpp.o
[47/209] Building CXX object CMakeFiles/rme.dir/source/rendering/drawers/cursors/brush_cursor_drawer.cpp.o
[48/209] Building CXX object CMakeFiles/rme.dir/source/rendering/core/texture_atlas.cpp.o
In file included from /app/source/rendering/core/texture_atlas.cpp:1:
/app/source/rendering/core/texture_atlas.h: In constructor ‘TextureAtlas::TextureAtlas(TextureAtlas&&)’:
/app/source/rendering/core/texture_atlas.h:132:31: warning: ‘TextureAtlas::free_slots_’ will be initialized after [-Wreorder]
  132 |         std::vector<FreeSlot> free_slots_;
      |                               ^~~~~~~~~~~
/app/source/rendering/core/texture_atlas.h:116:44: warning:   ‘std::unique_ptr<PixelBufferObject> TextureAtlas::pbo_’ [-Wreorder]
  116 |         std::unique_ptr<PixelBufferObject> pbo_;
      |                                            ^~~~
/app/source/rendering/core/texture_atlas.cpp:12:1: warning:   when initialized here [-Wreorder]
   12 | TextureAtlas::TextureAtlas(TextureAtlas&& other) noexcept
      | ^~~~~~~~~~~~
[49/209] Building CXX object CMakeFiles/rme.dir/source/rendering/drawers/entities/creature_name_drawer.cpp.o
[50/209] Building CXX object CMakeFiles/rme.dir/source/rendering/drawers/cursors/drag_shadow_drawer.cpp.o
[51/209] Building CXX object CMakeFiles/rme.dir/source/rendering/drawers/entities/creature_drawer.cpp.o
[52/209] Building CXX object CMakeFiles/rme.dir/source/rendering/drawers/cursors/live_cursor_drawer.cpp.o
[53/209] Building CXX object CMakeFiles/rme.dir/source/rendering/drawers/entities/item_drawer.cpp.o
/app/source/rendering/drawers/entities/item_drawer.cpp: In member function ‘void ItemDrawer::BlitItem(SpriteBatch&, SpriteDrawer*, CreatureDrawer*, int&, int&, const BlitItemParams&)’:
/app/source/rendering/drawers/entities/item_drawer.cpp:113:42: warning: suggest parentheses around ‘&&’ within ‘||’ [-Wparentheses]
  113 |                 if (it.clientID >= 39092 && it.clientID <= 39100 || it.clientID == 39236 || it.clientID == 39367 || it.clientID == 39368) {
      |                     ~~~~~~~~~~~~~~~~~~~~~^~~~~~~~~~~~~~~~~~~~~~~
/app/source/rendering/drawers/entities/item_drawer.cpp:121:78: warning: suggest parentheses around ‘&&’ within ‘||’ [-Wparentheses]
  121 |         if (it.isMetaItem() || spr == nullptr || !ephemeral && it.pickupable && !options.show_items) {
      |                                                  ~~~~~~~~~~~~~~~~~~~~~~~~~~~~^~~~~~~~~~~~~~~~~~~~~~
/app/source/rendering/drawers/entities/item_drawer.cpp: In member function ‘void ItemDrawer::DrawRawBrush(SpriteBatch&, SpriteDrawer*, int, int, ItemType*, uint8_t, uint8_t, uint8_t, uint8_t)’:
/app/source/rendering/drawers/entities/item_drawer.cpp:285:26: warning: suggest parentheses around ‘&&’ within ‘||’ [-Wparentheses]
  285 |         if (cid >= 39092 && cid <= 39100 || cid == 39236 || cid == 39367 || cid == 39368) {
      |             ~~~~~~~~~~~~~^~~~~~~~~~~~~~~
[54/209] Building CXX object CMakeFiles/rme.dir/source/rendering/drawers/entities/sprite_drawer.cpp.o
[55/209] Building CXX object CMakeFiles/rme.dir/source/rendering/drawers/overlays/hook_indicator_drawer.cpp.o
[56/209] Building CXX object CMakeFiles/rme.dir/source/rendering/drawers/map_layer_drawer.cpp.o
/app/source/rendering/drawers/map_layer_drawer.cpp: In member function ‘void MapLayerDrawer::Draw(SpriteBatch&, int, bool, const RenderView&, const DrawingOptions&, LightBuffer&)’:
/app/source/rendering/drawers/map_layer_drawer.cpp:63:14: warning: variable ‘collectSpriteWithPattern’ set but not used [-Wunused-but-set-variable]
   63 |         auto collectSpriteWithPattern = [&](GameSprite* spr, int tx, int ty) {
      |              ^~~~~~~~~~~~~~~~~~~~~~~~
[57/209] Building CXX object CMakeFiles/rme.dir/source/rendering/drawers/minimap_drawer.cpp.o
[58/209] Building CXX object CMakeFiles/rme.dir/source/rendering/drawers/overlays/door_indicator_drawer.cpp.o
[59/209] Building CXX object CMakeFiles/rme.dir/source/rendering/drawers/overlays/grid_drawer.cpp.o
[60/209] Building CXX object CMakeFiles/rme.dir/source/rendering/drawers/overlays/brush_overlay_drawer.cpp.o
[61/209] Building CXX object CMakeFiles/rme.dir/source/rendering/drawers/minimap_renderer.cpp.o
[62/209] Building CXX object CMakeFiles/rme.dir/source/rendering/drawers/overlays/marker_drawer.cpp.o
[63/209] Building CXX object CMakeFiles/rme.dir/source/rendering/drawers/overlays/preview_drawer.cpp.o
[64/209] Building CXX object CMakeFiles/rme.dir/source/rendering/drawers/tiles/floor_drawer.cpp.o
[65/209] Building CXX object CMakeFiles/rme.dir/source/rendering/drawers/overlays/selection_drawer.cpp.o
[66/209] Building CXX object CMakeFiles/rme.dir/source/rendering/drawers/tiles/shade_drawer.cpp.o
[67/209] Building CXX object CMakeFiles/rme.dir/source/rendering/drawers/tiles/tile_color_calculator.cpp.o
[68/209] Building CXX object CMakeFiles/rme.dir/source/rendering/io/game_sprite_loader.cpp.o
[69/209] Building CXX object CMakeFiles/rme.dir/source/rendering/drawers/tiles/tile_renderer.cpp.o
[70/209] Building CXX object CMakeFiles/rme.dir/source/rendering/io/screen_capture.cpp.o
[71/209] Building CXX object CMakeFiles/rme.dir/source/rendering/io/editor_sprite_loader.cpp.o
[72/209] Building CXX object CMakeFiles/rme.dir/source/rendering/io/screenshot_saver.cpp.o
[73/209] Building CXX object CMakeFiles/rme.dir/source/rendering/ui/brush_selector.cpp.o
[74/209] Building CXX object CMakeFiles/rme.dir/source/rendering/ui/clipboard_handler.cpp.o
[75/209] Building CXX object CMakeFiles/rme.dir/source/rendering/ui/drawing_controller.cpp.o
[76/209] Building CXX object CMakeFiles/rme.dir/source/rendering/map_drawer.cpp.o
[77/209] Building CXX object CMakeFiles/rme.dir/source/rendering/ui/keyboard_handler.cpp.o
[78/209] Building CXX object CMakeFiles/rme.dir/source/rendering/ui/map_display.cpp.o
In file included from /app/source/app/application.h:27,
                 from /app/source/ui/map_tab.h:22,
                 from /app/source/ui/gui.h:12,
                 from /app/source/rendering/ui/map_display.cpp:28:
/app/source/rendering/ui/map_display.h: In constructor ‘MapCanvas::MapCanvas(MapWindow*, Editor&, int*)’:
/app/source/rendering/ui/map_display.h:177:14: warning: ‘MapCanvas::renderer_initialized’ will be initialized after [-Wreorder]
  177 |         bool renderer_initialized = false;
      |              ^~~~~~~~~~~~~~~~~~~~
/app/source/rendering/ui/map_display.h:127:13: warning:   ‘int MapCanvas::cursor_x’ [-Wreorder]
  127 |         int cursor_x;
      |             ^~~~~~~~
/app/source/rendering/ui/map_display.cpp:92:1: warning:   when initialized here [-Wreorder]
   92 | MapCanvas::MapCanvas(MapWindow* parent, Editor& editor, int* attriblist) :
      | ^~~~~~~~~
[79/209] Building CXX object CMakeFiles/rme.dir/source/rendering/ui/map_status_updater.cpp.o
[80/209] Building CXX object CMakeFiles/rme.dir/source/rendering/ui/map_menu_handler.cpp.o
[81/209] Building CXX object CMakeFiles/rme.dir/source/rendering/ui/navigation_controller.cpp.o
[82/209] Building CXX object CMakeFiles/rme.dir/source/rendering/ui/minimap_window.cpp.o
[83/209] Building CXX object CMakeFiles/rme.dir/source/rendering/ui/popup_action_handler.cpp.o
[84/209] Building CXX object CMakeFiles/rme.dir/source/rendering/ui/screenshot_controller.cpp.o
[85/209] Building CXX object CMakeFiles/rme.dir/source/rendering/utilities/icon_renderer.cpp.o
[86/209] Building CXX object CMakeFiles/rme.dir/source/rendering/ui/selection_controller.cpp.o
[87/209] Building CXX object CMakeFiles/rme.dir/source/rendering/ui/tooltip_drawer.cpp.o
[88/209] Building CXX object CMakeFiles/rme.dir/source/rendering/utilities/fps_counter.cpp.o
[89/209] Building CXX object CMakeFiles/rme.dir/source/rendering/ui/zoom_controller.cpp.o
[90/209] Building CXX object CMakeFiles/rme.dir/source/rendering/utilities/frame_pacer.cpp.o
[91/209] Building CXX object CMakeFiles/rme.dir/source/rendering/postprocess/effects/screen.cpp.o
[92/209] Building CXX object CMakeFiles/rme.dir/source/rendering/postprocess/effects/scanline.cpp.o
[93/209] Building CXX object CMakeFiles/rme.dir/source/rendering/postprocess/effects/xbrz.cpp.o
[94/209] Building CXX object CMakeFiles/rme.dir/source/rendering/utilities/light_calculator.cpp.o
[95/209] Building CXX object CMakeFiles/rme.dir/source/rendering/utilities/tile_describer.cpp.o
[96/209] Building CXX object CMakeFiles/rme.dir/source/rendering/utilities/sprite_icon_generator.cpp.o
[97/209] Building CXX object CMakeFiles/rme.dir/source/rendering/utilities/light_drawer.cpp.o
[98/209] Building CXX object CMakeFiles/rme.dir/source/rendering/postprocess/post_process_manager.cpp.o
[99/209] Building CXX object CMakeFiles/rme.dir/source/ui/about_window.cpp.o
[100/209] Building CXX object CMakeFiles/rme.dir/source/ui/add_item_window.cpp.o
In file included from /app/source/ui/add_item_window.cpp:36:
/app/source/ui/add_item_window.h: In constructor ‘AddItemWindow::AddItemWindow(wxWindow*, TilesetCategoryType, Tileset*, wxPoint)’:
/app/source/ui/add_item_window.h:49:18: warning: ‘AddItemWindow::tileset_item’ will be initialized after [-Wreorder]
   49 |         Tileset* tileset_item;
      |                  ^~~~~~~~~~~~
/app/source/ui/add_item_window.h:48:29: warning:   ‘TilesetCategoryType AddItemWindow::category_type’ [-Wreorder]
   48 |         TilesetCategoryType category_type;
      |                             ^~~~~~~~~~~~~
/app/source/ui/add_item_window.cpp:46:1: warning:   when initialized here [-Wreorder]
   46 | AddItemWindow::AddItemWindow(wxWindow* win_parent, TilesetCategoryType categoryType, Tileset* tilesetItem, wxPoint pos) :
      | ^~~~~~~~~~~~~
/app/source/ui/add_item_window.h:48:29: warning: ‘AddItemWindow::category_type’ will be initialized after [-Wreorder]
   48 |         TilesetCategoryType category_type;
      |                             ^~~~~~~~~~~~~
/app/source/ui/add_item_window.h:43:21: warning:   ‘wxSpinCtrl* AddItemWindow::item_id_field’ [-Wreorder]
   43 |         wxSpinCtrl* item_id_field;
      |                     ^~~~~~~~~~~~~
/app/source/ui/add_item_window.cpp:46:1: warning:   when initialized here [-Wreorder]
   46 | AddItemWindow::AddItemWindow(wxWindow* win_parent, TilesetCategoryType categoryType, Tileset* tilesetItem, wxPoint pos) :
      | ^~~~~~~~~~~~~
[101/209] Building CXX object CMakeFiles/rme.dir/source/ui/controls/modern_button.cpp.o
[102/209] Building CXX object CMakeFiles/rme.dir/source/ui/add_tileset_window.cpp.o
In file included from /app/source/ui/add_tileset_window.cpp:36:
/app/source/ui/add_tileset_window.h: In constructor ‘AddTilesetWindow::AddTilesetWindow(wxWindow*, TilesetCategoryType, wxPoint)’:
/app/source/ui/add_tileset_window.h:47:29: warning: ‘AddTilesetWindow::category_type’ will be initialized after [-Wreorder]
   47 |         TilesetCategoryType category_type;
      |                             ^~~~~~~~~~~~~
/app/source/ui/add_tileset_window.h:44:23: warning:   ‘wxStaticText* AddTilesetWindow::item_id_label’ [-Wreorder]
   44 |         wxStaticText* item_id_label;
      |                       ^~~~~~~~~~~~~
/app/source/ui/add_tileset_window.cpp:46:1: warning:   when initialized here [-Wreorder]
   46 | AddTilesetWindow::AddTilesetWindow(wxWindow* win_parent, TilesetCategoryType categoryType, wxPoint pos) :
      | ^~~~~~~~~~~~~~~~
/app/source/ui/add_tileset_window.h:45:23: warning: ‘AddTilesetWindow::item_name_label’ will be initialized after [-Wreorder]
   45 |         wxStaticText* item_name_label;
      |                       ^~~~~~~~~~~~~~~
/app/source/ui/add_tileset_window.h:41:21: warning:   ‘wxTextCtrl* AddTilesetWindow::tileset_name_field’ [-Wreorder]
   41 |         wxTextCtrl* tileset_name_field;
      |                     ^~~~~~~~~~~~~~~~~~
/app/source/ui/add_tileset_window.cpp:46:1: warning:   when initialized here [-Wreorder]
   46 | AddTilesetWindow::AddTilesetWindow(wxWindow* win_parent, TilesetCategoryType categoryType, wxPoint pos) :
      | ^~~~~~~~~~~~~~~~
[103/209] Building CXX object CMakeFiles/rme.dir/source/ui/controls/outfit_color_palette.cpp.o
[104/209] Building CXX object CMakeFiles/rme.dir/source/ui/controls/sortable_list_box.cpp.o
[105/209] Building CXX object CMakeFiles/rme.dir/source/ui/browse_tile_window.cpp.o
[106/209] Building CXX object CMakeFiles/rme.dir/source/ui/dialogs/goto_position_dialog.cpp.o
[107/209] Building CXX object CMakeFiles/rme.dir/source/ui/properties/object_properties_base.cpp.o
[108/209] Building CXX object CMakeFiles/rme.dir/source/ui/properties/property_validator.cpp.o
[109/209] Building CXX object CMakeFiles/rme.dir/source/ui/properties/property_applier.cpp.o
[110/209] Building CXX object CMakeFiles/rme.dir/source/ui/properties/attribute_service.cpp.o
[111/209] Building CXX object CMakeFiles/rme.dir/source/ui/properties/teleport_service.cpp.o
[112/209] Building CXX object CMakeFiles/rme.dir/source/ui/properties/creature_properties_window.cpp.o
[113/209] Building CXX object CMakeFiles/rme.dir/source/ui/properties/spawn_properties_window.cpp.o
[114/209] Building CXX object CMakeFiles/rme.dir/source/ui/properties/container_properties_window.cpp.o
[115/209] Building CXX object CMakeFiles/rme.dir/source/ui/properties/writable_properties_window.cpp.o
[116/209] Building CXX object CMakeFiles/rme.dir/source/ui/properties/podium_properties_window.cpp.o
[117/209] Building CXX object CMakeFiles/rme.dir/source/ui/properties/splash_properties_window.cpp.o
[118/209] Building CXX object CMakeFiles/rme.dir/source/ui/properties/depot_properties_window.cpp.o
ninja: build stopped: interrupted by user.
