[1/2] Building CXX object CMakeFiles/rme.dir/source/lua/lua_dialog.cpp.o
In file included from /home/jules/.conan2/p/sol23dff0da353939/p/include/sol/stack.hpp:35,
                 from /home/jules/.conan2/p/sol23dff0da353939/p/include/sol/sol.hpp:52,
                 from /app/source/lua/lua_dialog.h:22,
                 from /app/source/lua/lua_dialog.cpp:19:
In member function ‘void sol::stack::field_getter<T, global, raw, <template-parameter-1-4> >::get(lua_State*, Key&&, int) [with Key = const char (&)[6]; T = char [6]; bool global = false; bool raw = false; <template-parameter-1-4> = void]’,
    inlined from ‘void sol::stack::get_field(lua_State*, Key&&, int) [with bool global = false; bool raw = false; Key = const char (&)[6]]’ at /home/jules/.conan2/p/sol23dff0da353939/p/include/sol/stack_core.hpp:1210:62,
    inlined from ‘sol::stack::probe sol::stack::probe_field_getter<T, P, global, raw, <template-parameter-1-5> >::get(lua_State*, Key&&, int) [with Key = const char (&)[6]; T = char [6]; P = int; bool b = false; bool raw = false; <template-parameter-1-5> = void]’ at /home/jules/.conan2/p/sol23dff0da353939/p/include/sol/stack_probe.hpp:41:21,
    inlined from ‘sol::stack::probe sol::stack::probe_field_getter<T, P, global, raw, <template-parameter-1-5> >::get(lua_State*, Key&&, int) [with Key = const char (&)[2]; T = char [2]; P = int; bool b = false; bool raw = false; <template-parameter-1-5> = void]’ at /home/jules/.conan2/p/sol23dff0da353939/p/include/sol/stack_probe.hpp:35:9,
    inlined from ‘sol::stack::probe sol::stack::probe_get_field(lua_State*, Key&&, int) [with bool global = false; bool raw = false; C = int; Key = const char (&)[2]]’ at /home/jules/.conan2/p/sol23dff0da353939/p/include/sol/stack_core.hpp:1230:78,
    inlined from ‘decltype(auto) sol::basic_table_core<<anonymous>, <template-parameter-1-2> >::traverse_get_deep_optional(int&, int, Key&&, Keys&& ...) const [with bool global = false; bool raw = false; sol::detail::insert_mode mode = sol::detail::none; T = sol::optional<int>; Key = const char (&)[2]; Keys = {}; bool top_level = false; ref_t = sol::basic_reference<false>]’ at /home/jules/.conan2/p/sol23dff0da353939/p/include/sol/table_core.hpp:217:62,
    inlined from ‘decltype(auto) sol::basic_table_core<<anonymous>, <template-parameter-1-2> >::traverse_get_single(int, Keys&& ...) const [with bool raw = false; Ret = sol::optional<int>; Keys = {const char (&)[2]}; bool top_level = false; ref_t = sol::basic_reference<false>]’ at /home/jules/.conan2/p/sol23dff0da353939/p/include/sol/table_core.hpp:123:83,
    inlined from ‘decltype(auto) sol::basic_table_core<<anonymous>, <template-parameter-1-2> >::traverse_get_single_maybe_tuple(int, Key&&) const [with bool raw = false; Ret = sol::optional<int>; Key = const char (&)[2]; bool top_level = false; ref_t = sol::basic_reference<false>]’ at /home/jules/.conan2/p/sol23dff0da353939/p/include/sol/table_core.hpp:113:41,
    inlined from ‘decltype(auto) sol::basic_table_core<<anonymous>, <template-parameter-1-2> >::tuple_get(int, Keys&& ...) const [with bool raw = false; Ret = {sol::optional<int>}; Keys = {const char (&)[2]}; bool top_level = false; ref_t = sol::basic_reference<false>]’ at /home/jules/.conan2/p/sol23dff0da353939/p/include/sol/table_core.hpp:93:56,
    inlined from ‘decltype(auto) sol::basic_table_core<<anonymous>, <template-parameter-1-2> >::get(Keys&& ...) const [with Ret = {sol::optional<int>}; Keys = {const char (&)[2]}; bool top_level = false; ref_t = sol::basic_reference<false>]’ at /home/jules/.conan2/p/sol23dff0da353939/p/include/sol/table_core.hpp:422:35,
    inlined from ‘decltype(auto) sol::basic_table_core<<anonymous>, <template-parameter-1-2> >::get_or(Key&&, T&&) const [with T = int; Key = const char (&)[2]; bool top_level = false; ref_t = sol::basic_reference<false>]’ at /home/jules/.conan2/p/sol23dff0da353939/p/include/sol/table_core.hpp:428:41,
    inlined from ‘LuaDialog::button(sol::table)::<lambda(sol::object)>’ at /app/source/lua/lua_dialog.cpp:960:66:
/home/jules/.conan2/p/sol23dff0da353939/p/include/sol/stack_field.hpp:116:61: warning: array subscript ‘const char [6][0]’ is partly outside array bounds of ‘const char [2]’ [-Warray-bounds=]
  116 |                                                 lua_getfield(L, tableindex, &key[0]);
      |                                                 ~~~~~~~~~~~~^~~~~~~~~~~~~~~~~~~~~~~~
In member function ‘void sol::stack::field_getter<T, global, raw, <template-parameter-1-4> >::get(lua_State*, Key&&, int) [with Key = const char (&)[6]; T = char [6]; bool global = false; bool raw = false; <template-parameter-1-4> = void]’,
    inlined from ‘void sol::stack::get_field(lua_State*, Key&&, int) [with bool global = false; bool raw = false; Key = const char (&)[6]]’ at /home/jules/.conan2/p/sol23dff0da353939/p/include/sol/stack_core.hpp:1210:62,
    inlined from ‘sol::stack::probe sol::stack::probe_field_getter<T, P, global, raw, <template-parameter-1-5> >::get(lua_State*, Key&&, int) [with Key = const char (&)[6]; T = char [6]; P = int; bool b = false; bool raw = false; <template-parameter-1-5> = void]’ at /home/jules/.conan2/p/sol23dff0da353939/p/include/sol/stack_probe.hpp:41:21,
    inlined from ‘sol::stack::probe sol::stack::probe_field_getter<T, P, global, raw, <template-parameter-1-5> >::get(lua_State*, Key&&, int) [with Key = const char (&)[2]; T = char [2]; P = int; bool b = false; bool raw = false; <template-parameter-1-5> = void]’ at /home/jules/.conan2/p/sol23dff0da353939/p/include/sol/stack_probe.hpp:35:9,
    inlined from ‘sol::stack::probe sol::stack::probe_get_field(lua_State*, Key&&, int) [with bool global = false; bool raw = false; C = int; Key = const char (&)[2]]’ at /home/jules/.conan2/p/sol23dff0da353939/p/include/sol/stack_core.hpp:1230:78,
    inlined from ‘decltype(auto) sol::basic_table_core<<anonymous>, <template-parameter-1-2> >::traverse_get_deep_optional(int&, int, Key&&, Keys&& ...) const [with bool global = false; bool raw = false; sol::detail::insert_mode mode = sol::detail::none; T = sol::optional<int>; Key = const char (&)[2]; Keys = {}; bool top_level = false; ref_t = sol::basic_reference<false>]’ at /home/jules/.conan2/p/sol23dff0da353939/p/include/sol/table_core.hpp:217:62,
    inlined from ‘decltype(auto) sol::basic_table_core<<anonymous>, <template-parameter-1-2> >::traverse_get_single(int, Keys&& ...) const [with bool raw = false; Ret = sol::optional<int>; Keys = {const char (&)[2]}; bool top_level = false; ref_t = sol::basic_reference<false>]’ at /home/jules/.conan2/p/sol23dff0da353939/p/include/sol/table_core.hpp:123:83,
    inlined from ‘decltype(auto) sol::basic_table_core<<anonymous>, <template-parameter-1-2> >::traverse_get_single_maybe_tuple(int, Key&&) const [with bool raw = false; Ret = sol::optional<int>; Key = const char (&)[2]; bool top_level = false; ref_t = sol::basic_reference<false>]’ at /home/jules/.conan2/p/sol23dff0da353939/p/include/sol/table_core.hpp:113:41,
    inlined from ‘decltype(auto) sol::basic_table_core<<anonymous>, <template-parameter-1-2> >::tuple_get(int, Keys&& ...) const [with bool raw = false; Ret = {sol::optional<int>}; Keys = {const char (&)[2]}; bool top_level = false; ref_t = sol::basic_reference<false>]’ at /home/jules/.conan2/p/sol23dff0da353939/p/include/sol/table_core.hpp:93:56,
    inlined from ‘decltype(auto) sol::basic_table_core<<anonymous>, <template-parameter-1-2> >::get(Keys&& ...) const [with Ret = {sol::optional<int>}; Keys = {const char (&)[2]}; bool top_level = false; ref_t = sol::basic_reference<false>]’ at /home/jules/.conan2/p/sol23dff0da353939/p/include/sol/table_core.hpp:422:35,
    inlined from ‘decltype(auto) sol::basic_table_core<<anonymous>, <template-parameter-1-2> >::get_or(Key&&, T&&) const [with T = int; Key = const char (&)[2]; bool top_level = false; ref_t = sol::basic_reference<false>]’ at /home/jules/.conan2/p/sol23dff0da353939/p/include/sol/table_core.hpp:428:41,
    inlined from ‘LuaDialog::button(sol::table)::<lambda(sol::object)>’ at /app/source/lua/lua_dialog.cpp:960:48:
/home/jules/.conan2/p/sol23dff0da353939/p/include/sol/stack_field.hpp:116:61: warning: array subscript ‘const char [6][0]’ is partly outside array bounds of ‘const char [2]’ [-Warray-bounds=]
  116 |                                                 lua_getfield(L, tableindex, &key[0]);
      |                                                 ~~~~~~~~~~~~^~~~~~~~~~~~~~~~~~~~~~~~
In member function ‘void sol::stack::field_getter<T, global, raw, <template-parameter-1-4> >::get(lua_State*, Key&&, int) [with Key = const char (&)[6]; T = char [6]; bool global = false; bool raw = false; <template-parameter-1-4> = void]’,
    inlined from ‘void sol::stack::get_field(lua_State*, Key&&, int) [with bool global = false; bool raw = false; Key = const char (&)[6]]’ at /home/jules/.conan2/p/sol23dff0da353939/p/include/sol/stack_core.hpp:1210:62,
    inlined from ‘sol::stack::probe sol::stack::probe_field_getter<T, P, global, raw, <template-parameter-1-5> >::get(lua_State*, Key&&, int) [with Key = const char (&)[6]; T = char [6]; P = int; bool b = false; bool raw = false; <template-parameter-1-5> = void]’ at /home/jules/.conan2/p/sol23dff0da353939/p/include/sol/stack_probe.hpp:41:21,
    inlined from ‘sol::stack::probe sol::stack::probe_field_getter<T, P, global, raw, <template-parameter-1-5> >::get(lua_State*, Key&&, int) [with Key = const char (&)[2]; T = char [2]; P = int; bool b = false; bool raw = false; <template-parameter-1-5> = void]’ at /home/jules/.conan2/p/sol23dff0da353939/p/include/sol/stack_probe.hpp:35:9,
    inlined from ‘sol::stack::probe sol::stack::probe_get_field(lua_State*, Key&&, int) [with bool global = false; bool raw = false; C = int; Key = const char (&)[2]]’ at /home/jules/.conan2/p/sol23dff0da353939/p/include/sol/stack_core.hpp:1230:78,
    inlined from ‘decltype(auto) sol::basic_table_core<<anonymous>, <template-parameter-1-2> >::traverse_get_deep_optional(int&, int, Key&&, Keys&& ...) const [with bool global = false; bool raw = false; sol::detail::insert_mode mode = sol::detail::none; T = sol::optional<int>; Key = const char (&)[2]; Keys = {}; bool top_level = false; ref_t = sol::basic_reference<false>]’ at /home/jules/.conan2/p/sol23dff0da353939/p/include/sol/table_core.hpp:217:62,
    inlined from ‘decltype(auto) sol::basic_table_core<<anonymous>, <template-parameter-1-2> >::traverse_get_single(int, Keys&& ...) const [with bool raw = false; Ret = sol::optional<int>; Keys = {const char (&)[2]}; bool top_level = false; ref_t = sol::basic_reference<false>]’ at /home/jules/.conan2/p/sol23dff0da353939/p/include/sol/table_core.hpp:123:83,
    inlined from ‘decltype(auto) sol::basic_table_core<<anonymous>, <template-parameter-1-2> >::traverse_get_single_maybe_tuple(int, Key&&) const [with bool raw = false; Ret = sol::optional<int>; Key = const char (&)[2]; bool top_level = false; ref_t = sol::basic_reference<false>]’ at /home/jules/.conan2/p/sol23dff0da353939/p/include/sol/table_core.hpp:113:41,
    inlined from ‘decltype(auto) sol::basic_table_core<<anonymous>, <template-parameter-1-2> >::tuple_get(int, Keys&& ...) const [with bool raw = false; Ret = {sol::optional<int>}; Keys = {const char (&)[2]}; bool top_level = false; ref_t = sol::basic_reference<false>]’ at /home/jules/.conan2/p/sol23dff0da353939/p/include/sol/table_core.hpp:93:56,
    inlined from ‘decltype(auto) sol::basic_table_core<<anonymous>, <template-parameter-1-2> >::get(Keys&& ...) const [with Ret = {sol::optional<int>}; Keys = {const char (&)[2]}; bool top_level = false; ref_t = sol::basic_reference<false>]’ at /home/jules/.conan2/p/sol23dff0da353939/p/include/sol/table_core.hpp:422:35,
    inlined from ‘decltype(auto) sol::basic_table_core<<anonymous>, <template-parameter-1-2> >::get_or(Key&&, T&&) const [with T = int; Key = const char (&)[2]; bool top_level = false; ref_t = sol::basic_reference<false>]’ at /home/jules/.conan2/p/sol23dff0da353939/p/include/sol/table_core.hpp:428:41,
    inlined from ‘LuaDialog::button(sol::table)::<lambda(sol::object)>’ at /app/source/lua/lua_dialog.cpp:960:30:
/home/jules/.conan2/p/sol23dff0da353939/p/include/sol/stack_field.hpp:116:61: warning: array subscript ‘const char [6][0]’ is partly outside array bounds of ‘const char [2]’ [-Warray-bounds=]
  116 |                                                 lua_getfield(L, tableindex, &key[0]);
      |                                                 ~~~~~~~~~~~~^~~~~~~~~~~~~~~~~~~~~~~~
In member function ‘void sol::stack::field_getter<T, global, raw, <template-parameter-1-4> >::get(lua_State*, Key&&, int) [with Key = const char (&)[6]; T = char [6]; bool global = false; bool raw = false; <template-parameter-1-4> = void]’,
    inlined from ‘void sol::stack::get_field(lua_State*, Key&&, int) [with bool global = false; bool raw = false; Key = const char (&)[6]]’ at /home/jules/.conan2/p/sol23dff0da353939/p/include/sol/stack_core.hpp:1210:62,
    inlined from ‘sol::stack::probe sol::stack::probe_field_getter<T, P, global, raw, <template-parameter-1-5> >::get(lua_State*, Key&&, int) [with Key = const char (&)[6]; T = char [6]; P = int; bool b = false; bool raw = false; <template-parameter-1-5> = void]’ at /home/jules/.conan2/p/sol23dff0da353939/p/include/sol/stack_probe.hpp:41:21,
    inlined from ‘sol::stack::probe sol::stack::probe_field_getter<T, P, global, raw, <template-parameter-1-5> >::get(lua_State*, Key&&, int) [with Key = const char (&)[2]; T = char [2]; P = int; bool b = false; bool raw = false; <template-parameter-1-5> = void]’ at /home/jules/.conan2/p/sol23dff0da353939/p/include/sol/stack_probe.hpp:35:9,
    inlined from ‘sol::stack::probe sol::stack::probe_get_field(lua_State*, Key&&, int) [with bool global = false; bool raw = false; C = int; Key = const char (&)[2]]’ at /home/jules/.conan2/p/sol23dff0da353939/p/include/sol/stack_core.hpp:1230:78,
    inlined from ‘decltype(auto) sol::basic_table_core<<anonymous>, <template-parameter-1-2> >::traverse_get_deep_optional(int&, int, Key&&, Keys&& ...) const [with bool global = false; bool raw = false; sol::detail::insert_mode mode = sol::detail::none; T = sol::optional<int>; Key = const char (&)[2]; Keys = {}; bool top_level = false; ref_t = sol::basic_reference<false>]’ at /home/jules/.conan2/p/sol23dff0da353939/p/include/sol/table_core.hpp:217:62,
    inlined from ‘decltype(auto) sol::basic_table_core<<anonymous>, <template-parameter-1-2> >::traverse_get_single(int, Keys&& ...) const [with bool raw = false; Ret = sol::optional<int>; Keys = {const char (&)[2]}; bool top_level = false; ref_t = sol::basic_reference<false>]’ at /home/jules/.conan2/p/sol23dff0da353939/p/include/sol/table_core.hpp:123:83,
    inlined from ‘decltype(auto) sol::basic_table_core<<anonymous>, <template-parameter-1-2> >::traverse_get_single_maybe_tuple(int, Key&&) const [with bool raw = false; Ret = sol::optional<int>; Key = const char (&)[2]; bool top_level = false; ref_t = sol::basic_reference<false>]’ at /home/jules/.conan2/p/sol23dff0da353939/p/include/sol/table_core.hpp:113:41,
    inlined from ‘decltype(auto) sol::basic_table_core<<anonymous>, <template-parameter-1-2> >::tuple_get(int, Keys&& ...) const [with bool raw = false; Ret = {sol::optional<int>}; Keys = {const char (&)[2]}; bool top_level = false; ref_t = sol::basic_reference<false>]’ at /home/jules/.conan2/p/sol23dff0da353939/p/include/sol/table_core.hpp:93:56,
    inlined from ‘decltype(auto) sol::basic_table_core<<anonymous>, <template-parameter-1-2> >::get(Keys&& ...) const [with Ret = {sol::optional<int>}; Keys = {const char (&)[2]}; bool top_level = false; ref_t = sol::basic_reference<false>]’ at /home/jules/.conan2/p/sol23dff0da353939/p/include/sol/table_core.hpp:422:35,
    inlined from ‘decltype(auto) sol::basic_table_core<<anonymous>, <template-parameter-1-2> >::get_or(Key&&, T&&) const [with T = int; Key = const char (&)[2]; bool top_level = false; ref_t = sol::basic_reference<false>]’ at /home/jules/.conan2/p/sol23dff0da353939/p/include/sol/table_core.hpp:428:41,
    inlined from ‘LuaDialog::applyCommonOptions(wxWindow*, sol::table)::<lambda(sol::object)>’ at /app/source/lua/lua_dialog.cpp:2895:20:
/home/jules/.conan2/p/sol23dff0da353939/p/include/sol/stack_field.hpp:116:61: warning: array subscript ‘const char [6][0]’ is partly outside array bounds of ‘const char [2]’ [-Warray-bounds=]
  116 |                                                 lua_getfield(L, tableindex, &key[0]);
      |                                                 ~~~~~~~~~~~~^~~~~~~~~~~~~~~~~~~~~~~~
[2/2] Linking CXX executable rme
